2023-07-19 02:54:50,749 - INFO - logged in using credentials
2023-07-19 02:55:00,972 - INFO - crawled the website for mental health
2023-07-19 02:55:11,038 - INFO - Crawled account: fortismentalhealth
2023-07-19 02:55:11,089 - INFO - Crawled account: awkwardgoat3
2023-07-19 02:55:11,125 - INFO - Crawled account: letstalk.mentalhealth
2023-07-19 02:55:11,161 - INFO - Crawled account: ashnaaasharmaa
2023-07-19 02:55:11,208 - INFO - Crawled account: mental.healthmattters
2023-07-19 02:55:11,258 - INFO - Crawled account: cognitive_comfort
2023-07-19 02:55:11,308 - INFO - Crawled account: mentalhealth
2023-07-19 02:55:11,343 - INFO - Crawled account: noteforself
2023-07-19 02:55:11,377 - INFO - Crawled account: sneha.mentalhealthadvocate
2023-07-19 02:55:11,416 - INFO - Crawled account: psych2go_tips
2023-07-19 02:55:11,451 - INFO - Crawled account: mentalhealth_mine_and_yours
2023-07-19 02:55:11,486 - INFO - Crawled account: _keep.growing_
2023-07-19 02:55:11,521 - INFO - Crawled account: raahee.mentalhealth
2023-07-19 02:55:11,557 - INFO - Crawled account: project_inclusion
2023-07-19 02:55:11,592 - INFO - Crawled account: mhf_india
2023-07-19 02:55:11,641 - INFO - Crawled account: mental___health___
2023-07-19 02:55:11,675 - INFO - Crawled account: mental.aspect
2023-07-19 02:55:11,709 - INFO - Crawled account: mentalhealthcareist
2023-07-19 02:55:11,744 - INFO - Crawled account: mental.health.community_
2023-07-19 02:55:11,779 - INFO - Crawled account: mentalhealth.mvmt
2023-07-19 02:55:11,816 - INFO - Crawled account: mentalhealth.inn
2023-07-19 02:55:11,854 - INFO - Crawled account: mentalhealthwithricha
2023-07-19 02:55:11,891 - INFO - Crawled account: your.wellness.shield
2023-07-19 02:55:11,929 - INFO - Crawled account: mentalhealthwsrishti
2023-07-19 02:55:11,966 - INFO - Crawled account: mentalhealthwithsonakshi
2023-07-19 02:55:12,003 - INFO - Crawled account: izhaargargi
2023-07-19 02:55:12,036 - INFO - Crawled account: mindwardcentre
2023-07-19 02:55:12,074 - INFO - Crawled account: superiorbrainhealth
2023-07-19 02:55:12,114 - INFO - Crawled account: mentalhealthtalksindia
2023-07-19 02:55:12,151 - INFO - Crawled account: psychbeings
2023-07-19 02:55:12,185 - INFO - Crawled account: mhp.mentalhealthpeace
2023-07-19 02:55:12,221 - INFO - Crawled account: mental_health_voice
2023-07-19 02:55:12,259 - INFO - Crawled account: cherished_insightss
2023-07-19 02:55:12,299 - INFO - Crawled account: mental.health.matters_dpsmrd
2023-07-19 02:55:12,336 - INFO - Crawled account: psych.circle
2023-07-19 02:55:12,370 - INFO - Crawled account: mentalhealth.livetheessence
2023-07-19 02:55:12,411 - INFO - Crawled account: a_fit_mind_
2023-07-19 02:55:12,470 - INFO - Crawled account: psychologyrecovery.us
2023-07-19 02:55:12,507 - INFO - Crawled account: thoughtswarriors_us
2023-07-19 02:55:12,543 - INFO - Crawled account: psychologyrepost.ig
2023-07-19 02:55:12,577 - INFO - Crawled account: mentalattitudeeveryday_ig
2023-07-19 02:55:12,612 - INFO - Crawled account: serein__mentalhealth
2023-07-19 02:55:12,660 - INFO - Crawled account: good_mental_health__
2023-07-19 02:55:12,694 - INFO - Crawled account: mentalhealthinitiativeindia
2023-07-19 02:55:12,730 - INFO - Crawled account: mentalhealth_waves
2023-07-19 02:55:12,765 - INFO - Crawled account: psychologywarriors_ig
2023-07-19 02:55:12,799 - INFO - Crawled account: thoughtscentral.us
2023-07-19 02:55:12,835 - INFO - Crawled account: raasta.india
2023-07-19 02:55:12,873 - INFO - Crawled account: mhm.mentalhealthmatters
2023-07-19 02:55:12,873 - INFO - saved scraped data in csv
2023-07-19 02:55:12,873 - INFO - saved scraped data in csv
2023-07-19 02:55:12,874 - INFO - saved scraped data in csv
2023-07-19 02:55:12,874 - INFO - saved scraped data in csv
2023-07-19 02:55:12,874 - INFO - saved scraped data in csv
2023-07-19 02:55:12,874 - INFO - saved scraped data in csv
2023-07-19 02:55:12,874 - INFO - saved scraped data in csv
2023-07-19 02:55:12,874 - INFO - saved scraped data in csv
2023-07-19 02:55:12,874 - INFO - saved scraped data in csv
2023-07-19 02:55:12,874 - INFO - saved scraped data in csv
2023-07-19 02:55:12,874 - INFO - saved scraped data in csv
2023-07-19 02:55:12,874 - INFO - saved scraped data in csv
2023-07-19 02:55:12,874 - INFO - saved scraped data in csv
2023-07-19 02:55:12,874 - INFO - saved scraped data in csv
2023-07-19 02:55:12,874 - INFO - saved scraped data in csv
2023-07-19 02:55:12,874 - INFO - saved scraped data in csv
2023-07-19 02:55:12,874 - INFO - saved scraped data in csv
2023-07-19 02:55:12,874 - INFO - saved scraped data in csv
2023-07-19 02:55:12,874 - INFO - saved scraped data in csv
2023-07-19 02:55:12,874 - INFO - saved scraped data in csv
2023-07-19 02:55:12,874 - INFO - saved scraped data in csv
2023-07-19 02:55:12,874 - INFO - saved scraped data in csv
2023-07-19 02:55:12,874 - INFO - saved scraped data in csv
2023-07-19 02:55:12,874 - INFO - saved scraped data in csv
2023-07-19 02:55:12,874 - INFO - saved scraped data in csv
2023-07-19 02:55:12,874 - INFO - saved scraped data in csv
2023-07-19 02:55:12,874 - INFO - saved scraped data in csv
2023-07-19 02:55:12,874 - INFO - saved scraped data in csv
2023-07-19 02:55:12,874 - INFO - saved scraped data in csv
2023-07-19 02:55:12,875 - INFO - saved scraped data in csv
2023-07-19 02:55:12,875 - INFO - saved scraped data in csv
2023-07-19 02:55:12,875 - INFO - saved scraped data in csv
2023-07-19 02:55:12,875 - INFO - saved scraped data in csv
2023-07-19 02:55:12,875 - INFO - saved scraped data in csv
2023-07-19 02:55:12,875 - INFO - saved scraped data in csv
2023-07-19 02:55:12,875 - INFO - saved scraped data in csv
2023-07-19 02:55:12,875 - INFO - saved scraped data in csv
2023-07-19 02:55:12,875 - INFO - saved scraped data in csv
2023-07-19 02:55:12,875 - INFO - saved scraped data in csv
2023-07-19 02:55:12,875 - INFO - saved scraped data in csv
2023-07-19 02:55:12,875 - INFO - saved scraped data in csv
2023-07-19 02:55:12,875 - INFO - saved scraped data in csv
2023-07-19 02:55:12,875 - INFO - saved scraped data in csv
2023-07-19 02:55:12,875 - INFO - saved scraped data in csv
2023-07-19 02:55:12,875 - INFO - saved scraped data in csv
2023-07-19 02:55:12,875 - INFO - saved scraped data in csv
2023-07-19 02:55:12,875 - INFO - saved scraped data in csv
2023-07-19 02:55:12,875 - INFO - saved scraped data in csv
2023-07-19 02:55:12,875 - INFO - saved scraped data in csv
2023-07-19 16:52:43,717 - INFO - logged in using credentials
2023-07-19 16:52:53,924 - INFO - crawled the website for mental health
2023-07-19 16:53:03,991 - INFO - Crawled account: fortismentalhealth
2023-07-19 16:53:04,027 - INFO - Crawled account: letstalk.mentalhealth
2023-07-19 16:53:04,079 - INFO - Crawled account: awkwardgoat3
2023-07-19 16:53:04,117 - INFO - Crawled account: ashnaaasharmaa
2023-07-19 16:53:04,152 - INFO - Crawled account: cognitive_comfort
2023-07-19 16:53:04,191 - INFO - Crawled account: mental.healthmattters
2023-07-19 16:53:04,264 - INFO - Crawled account: mentalhealth
2023-07-19 16:53:04,304 - INFO - Crawled account: noteforself
2023-07-19 16:53:04,343 - INFO - Crawled account: psych2go_tips
2023-07-19 16:53:04,382 - INFO - Crawled account: mentalhealth_mine_and_yours
2023-07-19 16:53:04,418 - INFO - Crawled account: sneha.mentalhealthadvocate
2023-07-19 16:53:04,455 - INFO - Crawled account: raahee.mentalhealth
2023-07-19 16:53:04,494 - INFO - Crawled account: _keep.growing_
2023-07-19 16:53:04,531 - INFO - Crawled account: mentalhealthcareist
2023-07-19 16:53:04,566 - INFO - Crawled account: mentalhealth.mvmt
2023-07-19 16:53:04,602 - INFO - Crawled account: project_inclusion
2023-07-19 16:53:04,637 - INFO - Crawled account: mental.aspect
2023-07-19 16:53:04,675 - INFO - Crawled account: mentalhealth.inn
2023-07-19 16:53:04,712 - INFO - Crawled account: mhf_india
2023-07-19 16:53:04,751 - INFO - Crawled account: your.wellness.shield
2023-07-19 16:53:04,792 - INFO - Crawled account: mental.health.community_
2023-07-19 16:53:04,831 - INFO - Crawled account: mental___health___
2023-07-19 16:53:04,871 - INFO - Crawled account: mentalhealthtalksindia
2023-07-19 16:53:04,919 - INFO - Crawled account: mentalhealthwsrishti
2023-07-19 16:53:04,957 - INFO - Crawled account: mentalhealthwithricha
2023-07-19 16:53:04,994 - INFO - Crawled account: mentalhealthwithsonakshi
2023-07-19 16:53:05,034 - INFO - Crawled account: psychbeings
2023-07-19 16:53:05,071 - INFO - Crawled account: superiorbrainhealth
2023-07-19 16:53:05,125 - INFO - Crawled account: mindwardcentre
2023-07-19 16:53:05,161 - INFO - Crawled account: mentalhealthceo
2023-07-19 16:53:05,200 - INFO - Crawled account: cherished_insightss
2023-07-19 16:53:05,239 - INFO - Crawled account: mentalhealthmagazines
2023-07-19 16:53:05,273 - INFO - Crawled account: mental_health_voice
2023-07-19 16:53:05,313 - INFO - Crawled account: izhaargargi
2023-07-19 16:53:05,348 - INFO - Crawled account: mentalhealthmattersph
2023-07-19 16:53:05,384 - INFO - Crawled account: mental_health_is_a_priority
2023-07-19 16:53:05,421 - INFO - Crawled account: mentalhealth.q
2023-07-19 16:53:05,457 - INFO - Crawled account: good_mental_health__
2023-07-19 16:53:05,493 - INFO - Crawled account: a_fit_mind_
2023-07-19 16:53:05,531 - INFO - Crawled account: psychologyrecovery.us
2023-07-19 16:53:05,565 - INFO - Crawled account: thoughtswarriors_us
2023-07-19 16:53:05,600 - INFO - Crawled account: psychologyrepost.ig
2023-07-19 16:53:05,637 - INFO - Crawled account: mental.health.matters_dpsmrd
2023-07-19 16:53:05,676 - INFO - Crawled account: mentalhealthfoundation
2023-07-19 16:53:05,712 - INFO - Crawled account: mentalhealthpathways
2023-07-19 16:53:05,751 - INFO - Crawled account: mentalhealth.livetheessence
2023-07-19 16:53:05,792 - INFO - Crawled account: psych.circle
2023-07-19 16:53:05,829 - INFO - Crawled account: mental_health_matters_18
2023-07-19 16:53:05,865 - INFO - Crawled account: mentalhealthinitiativeindia
2023-07-19 16:53:05,902 - INFO - Crawled account: mhp.mentalhealthpeace
2023-07-19 16:53:05,938 - INFO - Crawled account: mentalhealth_waves
2023-07-19 16:53:05,939 - INFO - saved scraped data in csv
2023-07-19 16:55:13,906 - INFO - logged in using credentials
2023-07-19 16:55:24,216 - INFO - crawled the website for mental health
2023-07-19 16:55:34,298 - INFO - Crawled account: fortismentalhealth
2023-07-19 16:55:34,350 - INFO - Crawled account: letstalk.mentalhealth
2023-07-19 16:55:34,417 - INFO - Crawled account: awkwardgoat3
2023-07-19 16:55:34,464 - INFO - Crawled account: ashnaaasharmaa
2023-07-19 16:55:34,511 - INFO - Crawled account: cognitive_comfort
2023-07-19 16:55:34,556 - INFO - Crawled account: mental.healthmattters
2023-07-19 16:55:34,635 - INFO - Crawled account: mentalhealth
2023-07-19 16:55:34,680 - INFO - Crawled account: noteforself
2023-07-19 16:55:34,726 - INFO - Crawled account: psych2go_tips
2023-07-19 16:55:34,770 - INFO - Crawled account: mentalhealth_mine_and_yours
2023-07-19 16:55:34,820 - INFO - Crawled account: sneha.mentalhealthadvocate
2023-07-19 16:55:34,865 - INFO - Crawled account: raahee.mentalhealth
2023-07-19 16:55:34,908 - INFO - Crawled account: _keep.growing_
2023-07-19 16:55:34,952 - INFO - Crawled account: mentalhealthcareist
2023-07-19 16:55:34,998 - INFO - Crawled account: mentalhealth.mvmt
2023-07-19 16:55:35,043 - INFO - Crawled account: project_inclusion
2023-07-19 16:55:35,092 - INFO - Crawled account: mental.aspect
2023-07-19 16:55:35,139 - INFO - Crawled account: mentalhealth.inn
2023-07-19 16:55:35,187 - INFO - Crawled account: mhf_india
2023-07-19 16:55:35,235 - INFO - Crawled account: your.wellness.shield
2023-07-19 16:55:35,282 - INFO - Crawled account: mental.health.community_
2023-07-19 16:55:35,328 - INFO - Crawled account: mental___health___
2023-07-19 16:55:35,373 - INFO - Crawled account: mentalhealthtalksindia
2023-07-19 16:55:35,435 - INFO - Crawled account: mentalhealthwsrishti
2023-07-19 16:55:35,480 - INFO - Crawled account: mentalhealthwithricha
2023-07-19 16:55:35,524 - INFO - Crawled account: mentalhealthwithsonakshi
2023-07-19 16:55:35,568 - INFO - Crawled account: psychbeings
2023-07-19 16:55:35,614 - INFO - Crawled account: superiorbrainhealth
2023-07-19 16:55:35,682 - INFO - Crawled account: mindwardcentre
2023-07-19 16:55:35,734 - INFO - Crawled account: mentalhealthceo
2023-07-19 16:55:35,783 - INFO - Crawled account: cherished_insightss
2023-07-19 16:55:35,836 - INFO - Crawled account: mentalhealthmagazines
2023-07-19 16:55:35,888 - INFO - Crawled account: mental_health_voice
2023-07-19 16:55:35,936 - INFO - Crawled account: izhaargargi
2023-07-19 16:55:35,982 - INFO - Crawled account: mentalhealthmattersph
2023-07-19 16:55:36,031 - INFO - Crawled account: mental_health_is_a_priority
2023-07-19 16:55:36,081 - INFO - Crawled account: mentalhealth.q
2023-07-19 16:55:36,127 - INFO - Crawled account: good_mental_health__
2023-07-19 16:55:36,171 - INFO - Crawled account: a_fit_mind_
2023-07-19 16:55:36,216 - INFO - Crawled account: psychologyrecovery.us
2023-07-19 16:55:36,262 - INFO - Crawled account: thoughtswarriors_us
2023-07-19 16:55:36,304 - INFO - Crawled account: psychologyrepost.ig
2023-07-19 16:55:36,348 - INFO - Crawled account: mental.health.matters_dpsmrd
2023-07-19 16:55:36,393 - INFO - Crawled account: mentalhealthfoundation
2023-07-19 16:55:36,439 - INFO - Crawled account: mentalhealthpathways
2023-07-19 16:55:36,482 - INFO - Crawled account: mentalhealth.livetheessence
2023-07-19 16:55:36,530 - INFO - Crawled account: psych.circle
2023-07-19 16:55:36,581 - INFO - Crawled account: mental_health_matters_18
2023-07-19 16:55:36,629 - INFO - Crawled account: mentalhealthinitiativeindia
2023-07-19 16:55:36,675 - INFO - Crawled account: mhp.mentalhealthpeace
2023-07-19 16:55:36,721 - INFO - Crawled account: mentalhealth_waves
2023-07-19 16:55:36,722 - INFO - saved scraped data in csv
2023-07-21 02:21:14,264 - INFO - logged in using credentials
2023-07-21 02:21:24,490 - INFO - crawled the website for mental health
2023-07-21 02:21:34,557 - INFO - Crawled account: fortismentalhealth
2023-07-21 02:21:34,592 - INFO - Crawled account: therapywithshaurya
2023-07-21 02:21:34,627 - INFO - Crawled account: letstalk.mentalhealth
2023-07-21 02:21:34,674 - INFO - Crawled account: awkwardgoat3
2023-07-21 02:21:34,709 - INFO - Crawled account: mentalhealth
2023-07-21 02:21:34,772 - INFO - Crawled account: cognitive_comfort
2023-07-21 02:21:34,807 - INFO - Crawled account: mental.healthmattters
2023-07-21 02:21:34,840 - INFO - Crawled account: ashnaaasharmaa
2023-07-21 02:21:34,875 - INFO - Crawled account: noteforself
2023-07-21 02:21:34,911 - INFO - Crawled account: mentalhealthpathways
2023-07-21 02:21:34,948 - INFO - Crawled account: mentalhealth.mvmt
2023-07-21 02:21:34,985 - INFO - Crawled account: psych2go_tips
2023-07-21 02:21:35,021 - INFO - Crawled account: mentalhealth_mine_and_yours
2023-07-21 02:21:35,055 - INFO - Crawled account: sneha.mentalhealthadvocate
2023-07-21 02:21:35,093 - INFO - Crawled account: raahee.mentalhealth
2023-07-21 02:21:35,127 - INFO - Crawled account: mentalhealth.inn
2023-07-21 02:21:35,161 - INFO - Crawled account: mentalhealthcareist
2023-07-21 02:21:35,195 - INFO - Crawled account: mental.aspect
2023-07-21 02:21:35,230 - INFO - Crawled account: project_inclusion
2023-07-21 02:21:35,265 - INFO - Crawled account: mhf_india
2023-07-21 02:21:35,300 - INFO - Crawled account: mental___health___
2023-07-21 02:21:35,336 - INFO - Crawled account: _keep.growing_
2023-07-21 02:21:35,371 - INFO - Crawled account: your.wellness.shield
2023-07-21 02:21:35,405 - INFO - Crawled account: mentalhealthwithricha
2023-07-21 02:21:35,442 - INFO - Crawled account: mentalhealthceo
2023-07-21 02:21:35,476 - INFO - Crawled account: mental_health_is_a_priority
2023-07-21 02:21:35,512 - INFO - Crawled account: mental.health.community_
2023-07-21 02:21:35,548 - INFO - Crawled account: mentalhealthwithsonali
2023-07-21 02:21:35,584 - INFO - Crawled account: psychbeings
2023-07-21 02:21:35,632 - INFO - Crawled account: superiorbrainhealth
2023-07-21 02:21:35,666 - INFO - Crawled account: mentalhealth_and_you
2023-07-21 02:21:35,703 - INFO - Crawled account: mindwardcentre
2023-07-21 02:21:35,737 - INFO - Crawled account: mentalhealthwsrishti
2023-07-21 02:21:35,772 - INFO - Crawled account: izhaargargi
2023-07-21 02:21:35,806 - INFO - Crawled account: mentalhealthtalksindia
2023-07-21 02:21:35,840 - INFO - Crawled account: mentalhealthfoundation
2023-07-21 02:21:35,877 - INFO - Crawled account: mentalhealthmattersph
2023-07-21 02:21:35,911 - INFO - Crawled account: mentalhealthwithsonakshi
2023-07-21 02:21:35,946 - INFO - Crawled account: psychia.dpsmrd
2023-07-21 02:21:35,984 - INFO - Crawled account: raasta.india
2023-07-21 02:21:36,020 - INFO - Crawled account: a_fit_mind_
2023-07-21 02:21:36,066 - INFO - Crawled account: psychologyrecovery.us
2023-07-21 02:21:36,104 - INFO - Crawled account: mentalhealthmagazines
2023-07-21 02:21:36,138 - INFO - Crawled account: thoughtswarriors_us
2023-07-21 02:21:36,174 - INFO - Crawled account: psychologyrepost.ig
2023-07-21 02:21:36,209 - INFO - Crawled account: mental.health.matters_dpsmrd
2023-07-21 02:21:36,243 - INFO - Crawled account: mhp.mentalhealthpeace
2023-07-21 02:21:36,278 - INFO - Crawled account: good_mental_health__
2023-07-21 02:21:36,312 - INFO - Crawled account: pausetobegin
2023-07-21 02:21:36,347 - INFO - Crawled account: psych.circle
2023-07-21 02:21:36,381 - INFO - Crawled account: mental_.health_.awareness_
2023-07-21 02:21:36,382 - INFO - saved scraped data in csv
2023-07-21 15:15:15,103 - INFO - logged in using credentials
2023-07-21 15:15:25,568 - INFO - crawled the website for mental health
2023-07-21 15:15:37,163 - INFO - saved scraped data in csv
2023-07-21 15:43:13,095 - INFO - logged in using credentials
2023-07-21 15:43:23,320 - INFO - crawled the website for mental health
2023-07-21 15:43:33,760 - INFO - saved scraped data in csv
2023-07-21 15:50:28,347 - INFO - logged in using credentials
2023-07-21 15:50:38,563 - INFO - crawled the website for mental health
2023-07-21 15:50:49,022 - INFO - saved scraped data in csv
2023-07-21 15:51:23,406 - INFO - logged in using credentials
2023-07-21 15:51:33,694 - INFO - crawled the website for mental health
2023-07-21 15:51:44,143 - INFO - saved scraped data in csv
2023-07-21 15:52:04,574 - INFO - logged in using credentials
2023-07-21 15:52:14,790 - INFO - crawled the website for mental health
2023-07-21 15:52:25,267 - INFO - saved scraped data in csv
2023-07-21 15:56:04,128 - INFO - logged in using credentials
2023-07-21 15:56:14,364 - INFO - crawled the website for mental health
2023-07-21 15:56:25,001 - INFO - saved scraped data in csv
2023-07-21 15:58:05,708 - INFO - logged in using credentials
2023-07-21 15:58:15,924 - INFO - crawled the website for mental health
2023-07-21 16:00:10,527 - INFO - logged in using credentials
2023-07-21 16:00:20,737 - INFO - crawled the website for mental health
2023-07-21 16:10:51,320 - INFO - logged in using credentials
2023-07-21 16:11:01,645 - INFO - crawled the website for mental health
2023-07-21 16:11:11,702 - INFO - Crawled account: fortismentalhealth
2023-07-21 16:13:00,659 - INFO - logged in using credentials
2023-07-21 16:13:10,929 - INFO - crawled the website for mental health
2023-07-21 16:13:21,004 - INFO - Crawled account: fortismentalhealth
2023-07-21 16:15:58,193 - INFO - logged in using credentials
2023-07-21 16:16:08,401 - INFO - crawled the website for mental health
2023-07-21 16:16:18,447 - INFO - Crawled account: fortismentalhealth
2023-07-21 16:17:58,067 - INFO - logged in using credentials
2023-07-21 16:18:08,290 - INFO - crawled the website for mental health
2023-07-21 16:18:18,333 - INFO - Crawled account: fortismentalhealth
2023-07-21 16:18:52,060 - INFO - logged in using credentials
2023-07-21 16:19:02,434 - INFO - crawled the website for mental health
2023-07-21 16:19:12,498 - INFO - Crawled account: fortismentalhealth
2023-07-21 16:20:47,554 - INFO - logged in using credentials
2023-07-21 16:20:57,769 - INFO - crawled the website for mental health
2023-07-21 16:21:07,815 - INFO - Crawled account: fortismentalhealth
2023-07-21 16:21:57,299 - INFO - logged in using credentials
2023-07-21 16:22:07,521 - INFO - crawled the website for mental health
2023-07-21 16:22:17,565 - INFO - Crawled account: fortismentalhealth
2023-07-21 16:22:22,741 - INFO - Crawled account: therapywithshaurya
2023-07-21 16:31:54,424 - INFO - logged in using credentials
2023-07-21 16:32:04,632 - INFO - crawled the website for mental health
2023-07-21 16:32:14,679 - INFO - Crawled account: fortismentalhealth
2023-07-21 16:32:19,810 - INFO - Crawled account: therapywithshaurya
2023-07-21 22:45:42,346 - INFO - logged in using credentials
2023-07-21 22:45:52,611 - INFO - crawled the website for mental health
2023-07-21 22:46:02,657 - INFO - Crawled account: fortismentalhealth
2023-07-21 22:56:54,123 - INFO - logged in using credentials
2023-07-21 22:57:04,353 - INFO - crawled the website for mental health
2023-07-21 22:57:09,399 - INFO - Crawled account: fortismentalhealth
2023-07-21 22:57:42,854 - INFO - logged in using credentials
2023-07-21 22:57:53,070 - INFO - crawled the website for mental health
2023-07-21 22:57:58,119 - INFO - Crawled account: fortismentalhealth
2023-07-21 22:58:03,303 - INFO - Crawled account: therapywithshaurya
2023-07-21 23:02:06,211 - INFO - logged in using credentials
2023-07-21 23:02:16,565 - INFO - crawled the website for mental health
2023-07-21 23:02:24,616 - INFO - Crawled account: fortismentalhealth
2023-07-21 23:03:56,728 - INFO - logged in using credentials
2023-07-21 23:04:06,938 - INFO - crawled the website for mental health
2023-07-21 23:04:14,989 - INFO - Crawled account: fortismentalhealth
2023-07-21 23:06:09,961 - INFO - logged in using credentials
2023-07-21 23:06:20,182 - INFO - crawled the website for mental health
2023-07-21 23:06:28,227 - INFO - Crawled account: fortismentalhealth
2023-07-21 23:10:27,974 - INFO - logged in using credentials
2023-07-21 23:10:38,185 - INFO - crawled the website for mental health
2023-07-21 23:11:27,525 - INFO - logged in using credentials
2023-07-21 23:11:37,753 - INFO - crawled the website for mental health
2023-07-21 23:12:07,002 - INFO - logged in using credentials
2023-07-21 23:12:17,239 - INFO - crawled the website for mental health
2023-07-21 23:12:25,286 - INFO - Crawled account: fortismentalhealth
2023-07-21 23:16:00,243 - INFO - logged in using credentials
2023-07-21 23:16:10,459 - INFO - crawled the website for mental health
2023-07-21 23:16:18,504 - INFO - Crawled account: fortismentalhealth
2023-07-21 23:21:24,891 - INFO - logged in using credentials
2023-07-21 23:21:35,118 - INFO - crawled the website for mental health
2023-07-21 23:21:43,164 - INFO - Crawled account: fortismentalhealth
2023-07-21 23:23:31,711 - INFO - logged in using credentials
2023-07-21 23:23:41,921 - INFO - crawled the website for mental health
2023-07-21 23:23:49,966 - INFO - Crawled account: fortismentalhealth
2023-07-21 23:27:56,459 - INFO - logged in using credentials
2023-07-21 23:28:06,663 - INFO - crawled the website for mental health
2023-07-21 23:28:14,710 - INFO - Crawled account: fortismentalhealth
2023-07-21 23:29:38,711 - INFO - logged in using credentials
2023-07-21 23:29:48,947 - INFO - crawled the website for mental health
2023-07-21 23:29:56,995 - INFO - Crawled account: fortismentalhealth
2023-07-21 23:30:40,478 - INFO - logged in using credentials
2023-07-21 23:30:50,694 - INFO - crawled the website for mental health
2023-07-21 23:30:58,741 - INFO - Crawled account: fortismentalhealth
2023-07-21 23:31:08,877 - INFO - saved scraped data in csv
2023-07-21 23:33:07,852 - INFO - logged in using credentials
2023-07-21 23:33:18,072 - INFO - crawled the website for mental health
2023-07-21 23:33:26,116 - INFO - Crawled account: fortismentalhealth
2023-07-21 23:33:36,330 - INFO - saved scraped data in csv
2023-07-23 12:15:35,339 - INFO - logged in using credentials
2023-07-23 12:15:45,572 - INFO - crawled the website for mental health
2023-07-23 12:15:53,696 - INFO - Crawled account: fortismentalhealth
2023-07-23 12:27:46,951 - INFO - logged in using credentials
2023-07-23 12:27:57,162 - INFO - crawled the website for mental health
2023-07-23 12:29:23,300 - INFO - logged in using credentials
2023-07-23 12:29:33,503 - INFO - crawled the website for mental health
2023-07-23 12:29:43,578 - INFO - Crawled account: fortismentalhealth
2023-07-23 12:32:32,912 - INFO - logged in using credentials
2023-07-23 12:32:43,123 - INFO - crawled the website for mental health
2023-07-23 12:32:54,188 - INFO - Crawled account: fortismentalhealth
2023-07-23 12:34:09,041 - INFO - logged in using credentials
2023-07-23 12:34:19,255 - INFO - crawled the website for mental health
2023-07-23 12:34:27,305 - INFO - Crawled account: fortismentalhealth
2023-07-23 20:13:25,205 - INFO - logged in using credentials
2023-07-23 20:13:35,460 - INFO - crawled the website for mental health
2023-07-23 20:13:43,511 - INFO - Crawled account: fortismentalhealth
2023-07-23 20:15:05,958 - INFO - logged in using credentials
2023-07-23 20:15:16,192 - INFO - crawled the website for mental health
2023-07-23 20:15:24,239 - INFO - Crawled account: fortismentalhealth
2023-07-23 20:17:41,501 - INFO - logged in using credentials
2023-07-23 20:17:51,736 - INFO - crawled the website for mental health
2023-07-23 20:17:59,786 - INFO - Crawled account: fortismentalhealth
2023-07-23 20:21:01,699 - INFO - logged in using credentials
2023-07-23 20:21:11,920 - INFO - crawled the website for mental health
2023-07-23 20:23:15,664 - INFO - logged in using credentials
2023-07-23 20:23:25,926 - INFO - crawled the website for mental health
2023-07-23 20:23:46,639 - INFO - logged in using credentials
2023-07-23 20:23:56,877 - INFO - crawled the website for mental health
2023-07-23 20:24:04,926 - INFO - Crawled account: fortismentalhealth
2023-07-23 20:25:00,325 - INFO - logged in using credentials
2023-07-23 20:25:46,609 - INFO - logged in using credentials
2023-07-23 20:25:56,839 - INFO - crawled the website for mental health
2023-07-23 20:26:04,903 - INFO - Crawled account: fortismentalhealth
2023-07-23 20:59:28,443 - INFO - logged in using credentials
2023-07-23 20:59:38,688 - INFO - crawled the website for mental health
2023-07-23 20:59:46,748 - INFO - Crawled account: fortismentalhealth
2023-07-23 21:00:03,257 - INFO - saved scraped data in csv
2023-07-23 21:01:15,639 - INFO - logged in using credentials
2023-07-23 21:01:25,882 - INFO - crawled the website for mental health
2023-07-23 21:01:33,933 - INFO - Crawled account: fortismentalhealth
2023-07-23 21:01:50,434 - INFO - saved scraped data in csv
2023-07-23 21:02:56,686 - INFO - logged in using credentials
2023-07-23 21:03:06,913 - INFO - crawled the website for mental health
2023-07-23 21:03:14,964 - INFO - Crawled account: fortismentalhealth
2023-07-23 21:03:31,561 - INFO - saved scraped data in csv
2023-07-23 21:05:18,529 - INFO - logged in using credentials
2023-07-23 21:05:28,750 - INFO - crawled the website for mental health
2023-07-23 21:05:36,802 - INFO - Crawled account: fortismentalhealth
2023-07-23 21:10:49,343 - INFO - logged in using credentials
2023-07-23 21:10:59,556 - INFO - crawled the website for mental health
2023-07-23 21:11:07,609 - INFO - Crawled account: fortismentalhealth
2023-07-23 21:16:28,591 - INFO - logged in using credentials
2023-07-23 21:16:38,805 - INFO - crawled the website for mental health
2023-07-23 21:16:46,859 - INFO - Crawled account: fortismentalhealth
2023-07-23 21:16:49,896 - INFO - Crawled account: therapywithshaurya
2023-07-23 21:16:52,932 - INFO - Crawled account: awkwardgoat3
2023-07-23 21:16:55,967 - INFO - Crawled account: letstalk.mentalhealth
2023-07-23 21:16:59,008 - INFO - Crawled account: cognitive_comfort
2023-07-23 21:17:02,044 - INFO - Crawled account: mental.healthmattters
2023-07-23 21:17:05,079 - INFO - Crawled account: mentalhealth
2023-07-23 21:17:14,138 - INFO - Crawled account: noteforself
2023-07-23 21:17:17,173 - INFO - Crawled account: ashnaaasharmaa
2023-07-23 21:17:20,212 - INFO - Crawled account: sneha.mentalhealthadvocate
2023-07-23 21:17:23,248 - INFO - Crawled account: mentalhealth_mine_and_yours
2023-07-23 21:17:26,284 - INFO - Crawled account: psych2go_tips
2023-07-23 21:17:29,321 - INFO - Crawled account: raahee.mentalhealth
2023-07-23 21:17:32,358 - INFO - Crawled account: mentalhealthpathways
2023-07-23 21:17:35,396 - INFO - Crawled account: _keep.growing_
2023-07-23 21:17:41,445 - INFO - Crawled account: mental___health___
2023-07-23 21:17:44,480 - INFO - Crawled account: mentalhealth.inn
2023-07-23 21:17:50,529 - INFO - Crawled account: mhf_india
2023-07-23 21:18:24,821 - INFO - logged in using credentials
2023-07-23 21:18:35,066 - INFO - crawled the website for mental health
2023-07-23 21:18:43,127 - INFO - Crawled account: fortismentalhealth
2023-07-23 21:18:46,168 - INFO - Crawled account: therapywithshaurya
2023-07-23 21:18:49,204 - INFO - Crawled account: awkwardgoat3
2023-07-23 21:18:52,246 - INFO - Crawled account: letstalk.mentalhealth
2023-07-23 21:18:55,287 - INFO - Crawled account: cognitive_comfort
2023-07-23 21:18:58,326 - INFO - Crawled account: mental.healthmattters
2023-07-23 21:19:01,362 - INFO - Crawled account: mentalhealth
2023-07-23 21:19:10,428 - INFO - Crawled account: noteforself
2023-07-23 21:19:13,463 - INFO - Crawled account: ashnaaasharmaa
2023-07-23 21:19:16,499 - INFO - Crawled account: sneha.mentalhealthadvocate
2023-07-23 21:19:19,538 - INFO - Crawled account: mentalhealth_mine_and_yours
2023-07-23 21:19:22,574 - INFO - Crawled account: psych2go_tips
2023-07-23 21:19:25,611 - INFO - Crawled account: raahee.mentalhealth
2023-07-23 21:19:28,645 - INFO - Crawled account: mentalhealthpathways
2023-07-23 21:19:31,698 - INFO - Crawled account: _keep.growing_
2023-07-23 21:22:19,247 - INFO - logged in using credentials
2023-07-23 21:22:29,461 - INFO - crawled the website for mental health
2023-07-23 21:22:37,516 - INFO - Crawled account: fortismentalhealth
2023-07-23 21:22:40,553 - INFO - Crawled account: therapywithshaurya
2023-07-23 21:22:43,592 - INFO - Crawled account: awkwardgoat3
2023-07-23 21:22:46,630 - INFO - Crawled account: letstalk.mentalhealth
2023-07-23 21:22:49,669 - INFO - Crawled account: cognitive_comfort
2023-07-23 21:22:52,708 - INFO - Crawled account: mental.healthmattters
2023-07-23 21:22:55,748 - INFO - Crawled account: mentalhealth
2023-07-23 21:23:04,811 - INFO - Crawled account: noteforself
2023-07-23 21:23:07,846 - INFO - Crawled account: ashnaaasharmaa
2023-07-23 21:23:10,880 - INFO - Crawled account: sneha.mentalhealthadvocate
2023-07-23 21:23:13,919 - INFO - Crawled account: mentalhealth_mine_and_yours
2023-07-23 21:23:16,956 - INFO - Crawled account: psych2go_tips
2023-07-23 21:23:19,993 - INFO - Crawled account: raahee.mentalhealth
2023-07-23 21:23:23,031 - INFO - Crawled account: mentalhealthpathways
2023-07-23 21:23:26,068 - INFO - Crawled account: _keep.growing_
2023-07-23 21:23:32,118 - INFO - Crawled account: mental___health___
2023-07-23 21:23:35,155 - INFO - Crawled account: mentalhealth.inn
2023-07-23 21:23:41,208 - INFO - Crawled account: mhf_india
2023-07-23 21:23:44,244 - INFO - Crawled account: project_inclusion
2023-07-23 21:23:47,285 - INFO - Crawled account: mental.aspect
2023-07-23 21:23:50,323 - INFO - Crawled account: mentalhealth.mvmt
2023-07-23 21:23:53,361 - INFO - Crawled account: mentalhealthwithricha
2023-07-23 21:23:56,397 - INFO - Crawled account: mentalhealthwithsonali
2023-07-23 21:23:59,435 - INFO - Crawled account: mhp.mentalhealthpeace
2023-07-23 21:24:02,472 - INFO - Crawled account: mentalhealthwsrishti
2023-07-23 21:24:05,504 - INFO - Crawled account: mentalhealthcareist
2023-07-23 21:24:08,540 - INFO - Crawled account: psych.circle
2023-07-23 21:24:11,585 - INFO - Crawled account: izhaargargi
2023-07-23 21:24:14,628 - INFO - Crawled account: good_mental_health__
2023-07-23 21:24:17,664 - INFO - Crawled account: superiorbrainhealth
2023-07-23 21:24:20,701 - INFO - Crawled account: pausetobegin
2023-07-23 21:24:23,737 - INFO - Crawled account: psychbeings
2023-07-23 21:24:26,773 - INFO - Crawled account: mentalhealthwithsonakshi
2023-07-23 21:24:29,810 - INFO - Crawled account: your.wellness.shield
2023-07-23 21:24:32,847 - INFO - Crawled account: mentalhealthceo
2023-07-23 21:24:35,883 - INFO - Crawled account: mental.health.community_
2023-07-23 21:24:38,921 - INFO - Crawled account: mindwardcentre
2023-07-23 21:24:44,972 - INFO - Crawled account: mental.health.matters_dpsmrd
2023-07-23 21:24:48,012 - INFO - Crawled account: a_fit_mind_
2023-07-23 21:24:51,050 - INFO - Crawled account: mhm.mentalhealthmatters
2023-07-23 21:24:54,088 - INFO - Crawled account: mentalhealth.livetheessence
2023-07-23 21:24:57,129 - INFO - Crawled account: thoughtswarriors_us
2023-07-23 21:25:00,164 - INFO - Crawled account: psychologyrepost.ig
2023-07-23 21:25:06,218 - INFO - Crawled account: psychia.dpsmrd
2023-07-23 21:25:09,256 - INFO - Crawled account: mentalhealthinitiativeindia
2023-07-23 21:25:12,288 - INFO - Crawled account: mental.health.collective
2023-07-23 21:25:15,327 - INFO - Crawled account: raasta.india
2023-07-23 21:25:21,376 - INFO - Crawled account: thoughtscentral.us
2023-07-23 21:26:34,112 - INFO - saved scraped data in csv
2023-07-23 21:28:57,334 - INFO - saved scraped data in csv
2023-07-23 21:29:40,387 - INFO - saved scraped data in csv
2023-07-23 21:35:06,653 - INFO - logged in using credentials
2023-07-23 21:35:16,878 - INFO - crawled the website for mental health
2023-07-23 21:58:04,739 - INFO - logged in using credentials
2023-07-23 21:58:15,021 - INFO - crawled the website for mental health
2023-07-23 21:58:20,034 - INFO - saved scraped data in csv
2023-07-23 22:35:16,008 - INFO - logged in using credentials
2023-07-23 22:35:26,276 - INFO - crawled the website for mental health
2023-07-23 22:35:34,335 - INFO - Crawled account: fortismentalhealth
2023-07-23 22:35:37,372 - INFO - Crawled account: therapywithshaurya
2023-07-23 22:35:40,407 - INFO - Crawled account: awkwardgoat3
2023-07-23 22:35:43,446 - INFO - Crawled account: letstalk.mentalhealth
2023-07-23 22:35:46,483 - INFO - Crawled account: cognitive_comfort
2023-07-23 22:35:49,522 - INFO - Crawled account: mental.healthmattters
2023-07-23 22:35:52,560 - INFO - Crawled account: mentalhealth
2023-07-23 22:36:01,624 - INFO - Crawled account: noteforself
2023-07-23 22:36:04,660 - INFO - Crawled account: ashnaaasharmaa
2023-07-23 22:36:07,699 - INFO - Crawled account: sneha.mentalhealthadvocate
2023-07-23 22:36:10,736 - INFO - Crawled account: mentalhealth_mine_and_yours
2023-07-23 22:36:13,774 - INFO - Crawled account: psych2go_tips
2023-07-23 22:36:16,812 - INFO - Crawled account: raahee.mentalhealth
2023-07-23 22:36:19,848 - INFO - Crawled account: mentalhealthpathways
2023-07-23 22:36:25,896 - INFO - Crawled account: _keep.growing_
2023-07-23 22:36:28,934 - INFO - Crawled account: mental___health___
2023-07-23 22:36:34,982 - INFO - Crawled account: mentalhealth.inn
2023-07-23 22:36:38,017 - INFO - Crawled account: mhf_india
2023-07-23 22:36:41,052 - INFO - Crawled account: project_inclusion
2023-07-23 22:36:44,089 - INFO - Crawled account: mental.aspect
2023-07-23 22:36:47,125 - INFO - Crawled account: mentalhealth.mvmt
2023-07-23 22:36:50,164 - INFO - Crawled account: mentalhealthwithsonali
2023-07-23 22:36:53,199 - INFO - Crawled account: mentalhealthwithricha
2023-07-23 22:36:56,236 - INFO - Crawled account: mhp.mentalhealthpeace
2023-07-23 22:36:59,273 - INFO - Crawled account: mentalhealthwsrishti
2023-07-23 22:37:02,309 - INFO - Crawled account: mentalhealthcareist
2023-07-23 22:37:05,347 - INFO - Crawled account: good_mental_health__
2023-07-23 22:37:08,385 - INFO - Crawled account: psych.circle
2023-07-23 22:37:11,418 - INFO - Crawled account: izhaargargi
2023-07-23 22:37:14,457 - INFO - Crawled account: superiorbrainhealth
2023-07-23 22:37:17,493 - INFO - Crawled account: psychbeings
2023-07-23 22:37:20,528 - INFO - Crawled account: pausetobegin
2023-07-23 22:37:23,566 - INFO - Crawled account: mentalhealthwithsonakshi
2023-07-23 22:37:26,604 - INFO - Crawled account: your.wellness.shield
2023-07-23 22:37:29,644 - INFO - Crawled account: mentalhealthceo
2023-07-23 22:37:32,682 - INFO - Crawled account: mental.health.community_
2023-07-23 22:37:35,720 - INFO - Crawled account: mindwardcentre
2023-07-23 22:37:41,770 - INFO - Crawled account: mental.health.matters_dpsmrd
2023-07-23 22:37:44,806 - INFO - Crawled account: a_fit_mind_
2023-07-23 22:37:47,843 - INFO - Crawled account: mhm.mentalhealthmatters
2023-07-23 22:37:50,882 - INFO - Crawled account: mentalhealth.livetheessence
2023-07-23 22:37:53,922 - INFO - Crawled account: thoughtswarriors_us
2023-07-23 22:37:56,960 - INFO - Crawled account: psychologyrepost.ig
2023-07-23 22:38:03,012 - INFO - Crawled account: psychia.dpsmrd
2023-07-23 22:38:06,046 - INFO - Crawled account: mentalmarvels.in
2023-07-23 22:38:09,082 - INFO - Crawled account: mentalhealthinitiativeindia
2023-07-23 22:38:12,122 - INFO - Crawled account: mental.health.collective
2023-07-23 22:38:18,176 - INFO - Crawled account: raasta.india
2023-07-23 22:38:18,177 - INFO - saved scraped data in csv
2023-07-24 01:55:41,642 - INFO - logged in using credentials
2023-07-24 01:55:52,130 - INFO - crawled the website for mental health
2023-07-24 01:56:00,198 - INFO - Crawled account: fortismentalhealth
2023-07-24 01:56:03,236 - INFO - Crawled account: therapywithshaurya
2023-07-24 01:56:06,272 - INFO - Crawled account: letstalk.mentalhealth
2023-07-24 01:56:09,310 - INFO - Crawled account: awkwardgoat3
2023-07-24 01:56:12,348 - INFO - Crawled account: cognitive_comfort
2023-07-24 01:56:15,388 - INFO - Crawled account: mental.healthmattters
2023-07-24 01:56:24,448 - INFO - Crawled account: mentalhealth
2023-07-24 01:56:27,488 - INFO - Crawled account: noteforself
2023-07-24 01:56:30,524 - INFO - Crawled account: ashnaaasharmaa
2023-07-24 01:56:33,561 - INFO - Crawled account: sneha.mentalhealthadvocate
2023-07-24 01:56:36,605 - INFO - Crawled account: mentalhealth_mine_and_yours
2023-07-24 01:56:39,644 - INFO - Crawled account: mentalhealthpathways
2023-07-24 01:56:45,694 - INFO - Crawled account: raahee.mentalhealth
2023-07-24 01:56:48,728 - INFO - Crawled account: psych2go_tips
2023-07-24 01:56:51,764 - INFO - Crawled account: project_inclusion
2023-07-24 01:56:54,802 - INFO - Crawled account: _keep.growing_
2023-07-24 01:57:00,853 - INFO - Crawled account: mental.aspect
2023-07-24 01:57:03,889 - INFO - Crawled account: mentalhealth.inn
2023-07-24 01:57:06,928 - INFO - Crawled account: mental___health___
2023-07-24 01:57:09,966 - INFO - Crawled account: mentalhealthwithricha
2023-07-24 01:57:13,001 - INFO - Crawled account: mental.health.community_
2023-07-24 01:57:16,038 - INFO - Crawled account: mhf_india
2023-07-24 01:57:19,083 - INFO - Crawled account: mentalhealthwithsonali
2023-07-24 01:57:22,120 - INFO - Crawled account: mentalhealth.mvmt
2023-07-24 01:57:25,158 - INFO - Crawled account: mhp.mentalhealthpeace
2023-07-24 01:57:28,194 - INFO - Crawled account: mentalhealthcareist
2023-07-24 01:57:31,232 - INFO - Crawled account: psych.circle
2023-07-24 01:57:34,267 - INFO - Crawled account: mentalhealthwsrishti
2023-07-24 01:57:37,301 - INFO - Crawled account: izhaargargi
2023-07-24 01:57:40,338 - INFO - Crawled account: superiorbrainhealth
2023-07-24 01:57:43,378 - INFO - Crawled account: good_mental_health__
2023-07-24 01:57:46,416 - INFO - Crawled account: psychbeings
2023-07-24 01:57:49,456 - INFO - Crawled account: mentalhealthwithsonakshi
2023-07-24 01:57:52,498 - INFO - Crawled account: your.wellness.shield
2023-07-24 01:57:55,536 - INFO - Crawled account: psychia.dpsmrd
2023-07-24 01:57:58,574 - INFO - Crawled account: mental.health.matters_dpsmrd
2023-07-24 01:58:01,614 - INFO - Crawled account: psychologywarriors_ig
2023-07-24 01:58:07,667 - INFO - Crawled account: mentalhealthceo
2023-07-24 01:58:10,705 - INFO - Crawled account: a_fit_mind_
2023-07-24 01:58:13,742 - INFO - Crawled account: pausetobegin
2023-07-24 01:58:16,779 - INFO - Crawled account: mentalhealth.livetheessence
2023-07-24 01:58:19,818 - INFO - Crawled account: thoughtswarriors_us
2023-07-24 01:58:22,855 - INFO - Crawled account: psychologyrepost.ig
2023-07-24 01:58:28,910 - INFO - Crawled account: cherished_insightss
2023-07-24 01:58:31,949 - INFO - Crawled account: mentalmarvels.in
2023-07-24 01:58:35,004 - INFO - Crawled account: mentalhealthinitiativeindia
2023-07-24 01:58:38,051 - INFO - Crawled account: mental.health.collective
2023-07-24 01:58:41,089 - INFO - Crawled account: mindwardcentre
2023-07-24 01:58:44,103 - INFO - saved scraped data in csv
2023-07-24 02:14:02,382 - INFO - logged in using credentials
2023-07-24 02:14:12,699 - INFO - crawled the website for mental health
2023-07-24 02:14:18,754 - INFO - Crawled account: fortismentalhealth
2023-07-24 02:14:19,789 - INFO - Crawled account: therapywithshaurya
2023-07-24 02:14:20,824 - INFO - Crawled account: letstalk.mentalhealth
2023-07-24 02:14:21,859 - INFO - Crawled account: awkwardgoat3
2023-07-24 02:14:22,894 - INFO - Crawled account: cognitive_comfort
2023-07-24 02:14:23,925 - INFO - Crawled account: mental.healthmattters
2023-07-24 02:14:26,985 - INFO - Crawled account: mentalhealth
2023-07-24 02:14:28,019 - INFO - Crawled account: noteforself
2023-07-24 02:14:29,054 - INFO - Crawled account: ashnaaasharmaa
2023-07-24 02:14:30,088 - INFO - Crawled account: sneha.mentalhealthadvocate
2023-07-24 02:14:31,126 - INFO - Crawled account: mentalhealth_mine_and_yours
2023-07-24 02:14:32,163 - INFO - Crawled account: mentalhealthpathways
2023-07-24 02:14:34,212 - INFO - Crawled account: raahee.mentalhealth
2023-07-24 02:14:35,252 - INFO - Crawled account: psych2go_tips
2023-07-24 02:14:36,294 - INFO - Crawled account: project_inclusion
2023-07-24 02:14:37,330 - INFO - Crawled account: _keep.growing_
2023-07-24 02:14:38,366 - INFO - Crawled account: mental.aspect
2023-07-24 02:14:40,413 - INFO - Crawled account: mentalhealth.inn
2023-07-24 02:14:41,447 - INFO - Crawled account: mental___health___
2023-07-24 02:14:42,484 - INFO - Crawled account: mentalhealthwithricha
2023-07-24 02:14:43,520 - INFO - Crawled account: mental.health.community_
2023-07-24 02:14:44,560 - INFO - Crawled account: mhf_india
2023-07-24 02:14:45,594 - INFO - Crawled account: mentalhealthwithsonali
2023-07-24 02:14:46,630 - INFO - Crawled account: mentalhealth.mvmt
2023-07-24 02:14:47,664 - INFO - Crawled account: mhp.mentalhealthpeace
2023-07-24 02:14:48,702 - INFO - Crawled account: mentalhealthcareist
2023-07-24 02:14:49,738 - INFO - Crawled account: psych.circle
2023-07-24 02:14:50,774 - INFO - Crawled account: mentalhealthwsrishti
2023-07-24 02:14:51,811 - INFO - Crawled account: izhaargargi
2023-07-24 02:14:52,847 - INFO - Crawled account: superiorbrainhealth
2023-07-24 02:14:53,885 - INFO - Crawled account: good_mental_health__
2023-07-24 02:14:54,921 - INFO - Crawled account: psychbeings
2023-07-24 02:14:55,955 - INFO - Crawled account: mentalhealthwithsonakshi
2023-07-24 02:14:56,996 - INFO - Crawled account: your.wellness.shield
2023-07-24 02:14:58,031 - INFO - Crawled account: psychia.dpsmrd
2023-07-24 02:14:59,068 - INFO - Crawled account: mental.health.matters_dpsmrd
2023-07-24 02:15:00,106 - INFO - Crawled account: psychologywarriors_ig
2023-07-24 02:15:02,156 - INFO - Crawled account: mentalhealthceo
2023-07-24 02:15:03,193 - INFO - Crawled account: a_fit_mind_
2023-07-24 02:15:04,227 - INFO - Crawled account: pausetobegin
2023-07-24 02:15:05,260 - INFO - Crawled account: mentalhealth.livetheessence
2023-07-24 02:15:06,299 - INFO - Crawled account: thoughtswarriors_us
2023-07-24 02:15:07,333 - INFO - Crawled account: psychologyrepost.ig
2023-07-24 02:15:09,381 - INFO - Crawled account: cherished_insightss
2023-07-24 02:15:10,417 - INFO - Crawled account: mentalmarvels.in
2023-07-24 02:15:11,460 - INFO - Crawled account: mentalhealthinitiativeindia
2023-07-24 02:15:12,501 - INFO - Crawled account: mental.health.collective
2023-07-24 02:15:13,536 - INFO - Crawled account: mindwardcentre
2023-07-24 02:15:14,551 - INFO - saved scraped data in csv
2023-07-24 02:22:36,558 - INFO - logged in using credentials
2023-07-24 02:23:00,579 - INFO - logged in using credentials
2023-07-24 02:23:10,793 - INFO - crawled the website for mental health
2023-07-24 02:23:16,849 - INFO - Crawled account: fortismentalhealth
2023-07-24 02:23:17,890 - INFO - Crawled account: therapywithshaurya
2023-07-24 02:23:18,949 - INFO - Crawled account: letstalk.mentalhealth
2023-07-24 02:23:19,985 - INFO - Crawled account: awkwardgoat3
2023-07-24 02:23:21,021 - INFO - Crawled account: cognitive_comfort
2023-07-24 02:23:22,057 - INFO - Crawled account: mental.healthmattters
2023-07-24 02:23:25,118 - INFO - Crawled account: mentalhealth
2023-07-24 02:23:26,154 - INFO - Crawled account: noteforself
2023-07-24 02:23:27,189 - INFO - Crawled account: ashnaaasharmaa
2023-07-24 02:23:28,223 - INFO - Crawled account: sneha.mentalhealthadvocate
2023-07-24 02:23:29,257 - INFO - Crawled account: mentalhealth_mine_and_yours
2023-07-24 02:23:30,295 - INFO - Crawled account: mentalhealthpathways
2023-07-24 02:23:32,344 - INFO - Crawled account: raahee.mentalhealth
2023-07-24 02:23:33,382 - INFO - Crawled account: psych2go_tips
2023-07-24 02:23:34,416 - INFO - Crawled account: project_inclusion
2023-07-24 02:23:35,452 - INFO - Crawled account: _keep.growing_
2023-07-24 02:23:37,502 - INFO - Crawled account: mental.aspect
2023-07-24 02:23:38,540 - INFO - Crawled account: mentalhealth.inn
2023-07-24 02:23:39,588 - INFO - Crawled account: mental___health___
2023-07-24 02:23:40,624 - INFO - Crawled account: mentalhealthwithricha
2023-07-24 02:23:41,660 - INFO - Crawled account: mental.health.community_
2023-07-24 02:23:42,696 - INFO - Crawled account: mhf_india
2023-07-24 02:23:43,732 - INFO - Crawled account: mentalhealthwithsonali
2023-07-24 02:23:44,768 - INFO - Crawled account: mentalhealth.mvmt
2023-07-24 02:23:45,804 - INFO - Crawled account: mhp.mentalhealthpeace
2023-07-24 02:23:46,839 - INFO - Crawled account: mentalhealthcareist
2023-07-24 02:23:47,882 - INFO - Crawled account: psych.circle
2023-07-24 02:23:48,917 - INFO - Crawled account: mentalhealthwsrishti
2023-07-24 02:23:49,951 - INFO - Crawled account: izhaargargi
2023-07-24 02:23:50,989 - INFO - Crawled account: superiorbrainhealth
2023-07-24 02:23:52,023 - INFO - Crawled account: good_mental_health__
2023-07-24 02:23:53,062 - INFO - Crawled account: psychbeings
2023-07-24 02:23:54,098 - INFO - Crawled account: mentalhealthwithsonakshi
2023-07-24 02:23:55,136 - INFO - Crawled account: your.wellness.shield
2023-07-24 02:23:56,174 - INFO - Crawled account: psychia.dpsmrd
2023-07-24 02:23:57,209 - INFO - Crawled account: mental.health.matters_dpsmrd
2023-07-24 02:23:58,243 - INFO - Crawled account: psychologywarriors_ig
2023-07-24 02:24:00,293 - INFO - Crawled account: mentalhealthceo
2023-07-24 02:24:01,331 - INFO - Crawled account: a_fit_mind_
2023-07-24 02:24:02,365 - INFO - Crawled account: pausetobegin
2023-07-24 02:24:03,401 - INFO - Crawled account: mentalhealth.livetheessence
2023-07-24 02:24:04,438 - INFO - Crawled account: thoughtswarriors_us
2023-07-24 02:24:05,475 - INFO - Crawled account: psychologyrepost.ig
2023-07-24 02:24:07,523 - INFO - Crawled account: cherished_insightss
2023-07-24 02:24:08,567 - INFO - Crawled account: mentalmarvels.in
2023-07-24 02:24:09,603 - INFO - Crawled account: mentalhealthinitiativeindia
2023-07-24 02:24:10,640 - INFO - Crawled account: mental.health.collective
2023-07-24 02:24:11,677 - INFO - Crawled account: mindwardcentre
2023-07-24 02:24:12,690 - INFO - saved scraped data in csv
2023-07-24 02:32:26,830 - INFO - logged in using credentials
2023-07-24 02:32:37,075 - INFO - crawled the website for mental health
2023-07-24 02:32:43,126 - INFO - Crawled account: fortismentalhealth
2023-07-24 02:32:44,161 - INFO - Crawled account: therapywithshaurya
2023-07-24 02:32:45,196 - INFO - Crawled account: letstalk.mentalhealth
2023-07-24 02:32:46,233 - INFO - Crawled account: awkwardgoat3
2023-07-24 02:32:47,267 - INFO - Crawled account: cognitive_comfort
2023-07-24 02:32:48,306 - INFO - Crawled account: mental.healthmattters
2023-07-24 02:32:51,368 - INFO - Crawled account: mentalhealth
2023-07-24 02:32:52,405 - INFO - Crawled account: noteforself
2023-07-24 02:32:53,438 - INFO - Crawled account: ashnaaasharmaa
2023-07-24 02:32:54,474 - INFO - Crawled account: sneha.mentalhealthadvocate
2023-07-24 02:32:55,510 - INFO - Crawled account: mentalhealth_mine_and_yours
2023-07-24 02:32:56,549 - INFO - Crawled account: mentalhealthpathways
2023-07-24 02:32:58,596 - INFO - Crawled account: raahee.mentalhealth
2023-07-24 02:32:59,633 - INFO - Crawled account: psych2go_tips
2023-07-24 02:33:00,668 - INFO - Crawled account: project_inclusion
2023-07-24 02:33:01,705 - INFO - Crawled account: _keep.growing_
2023-07-24 02:33:03,755 - INFO - Crawled account: mental.aspect
2023-07-24 02:33:04,790 - INFO - Crawled account: mentalhealth.inn
2023-07-24 02:33:05,828 - INFO - Crawled account: mental___health___
2023-07-24 02:33:06,864 - INFO - Crawled account: mentalhealthwithricha
2023-07-24 02:33:07,900 - INFO - Crawled account: mental.health.community_
2023-07-24 02:33:15,402 - INFO - logged in using credentials
2023-07-24 02:33:25,612 - INFO - crawled the website for mental health
2023-07-24 02:33:30,667 - INFO - Crawled account: fortismentalhealth
2023-07-24 02:33:30,702 - INFO - Crawled account: therapywithshaurya
2023-07-24 02:33:30,734 - INFO - Crawled account: letstalk.mentalhealth
2023-07-24 02:33:30,766 - INFO - Crawled account: awkwardgoat3
2023-07-24 02:33:30,800 - INFO - Crawled account: cognitive_comfort
2023-07-24 02:33:30,835 - INFO - Crawled account: mental.healthmattters
2023-07-24 02:33:30,894 - INFO - Crawled account: mentalhealth
2023-07-24 02:33:30,928 - INFO - Crawled account: noteforself
2023-07-24 02:33:30,961 - INFO - Crawled account: ashnaaasharmaa
2023-07-24 02:33:30,996 - INFO - Crawled account: sneha.mentalhealthadvocate
2023-07-24 02:33:31,029 - INFO - Crawled account: mentalhealth_mine_and_yours
2023-07-24 02:33:31,064 - INFO - Crawled account: mentalhealthpathways
2023-07-24 02:33:31,108 - INFO - Crawled account: raahee.mentalhealth
2023-07-24 02:33:31,140 - INFO - Crawled account: psych2go_tips
2023-07-24 02:33:31,174 - INFO - Crawled account: project_inclusion
2023-07-24 02:33:31,208 - INFO - Crawled account: _keep.growing_
2023-07-24 02:33:31,252 - INFO - Crawled account: mental.aspect
2023-07-24 02:33:31,285 - INFO - Crawled account: mentalhealth.inn
2023-07-24 02:33:31,322 - INFO - Crawled account: mental___health___
2023-07-24 02:33:31,359 - INFO - Crawled account: mentalhealthwithricha
2023-07-24 02:33:31,392 - INFO - Crawled account: mental.health.community_
2023-07-24 02:33:31,426 - INFO - Crawled account: mhf_india
2023-07-24 02:33:31,460 - INFO - Crawled account: mentalhealthwithsonali
2023-07-24 02:33:31,493 - INFO - Crawled account: mentalhealth.mvmt
2023-07-24 02:33:31,527 - INFO - Crawled account: mhp.mentalhealthpeace
2023-07-24 02:33:31,560 - INFO - Crawled account: mentalhealthcareist
2023-07-24 02:33:31,593 - INFO - Crawled account: psych.circle
2023-07-24 02:33:31,627 - INFO - Crawled account: mentalhealthwsrishti
2023-07-24 02:33:31,659 - INFO - Crawled account: izhaargargi
2023-07-24 02:33:31,692 - INFO - Crawled account: superiorbrainhealth
2023-07-24 02:33:31,723 - INFO - Crawled account: good_mental_health__
2023-07-24 02:33:31,756 - INFO - Crawled account: psychbeings
2023-07-24 02:33:31,789 - INFO - Crawled account: mentalhealthwithsonakshi
2023-07-24 02:33:31,822 - INFO - Crawled account: your.wellness.shield
2023-07-24 02:33:31,858 - INFO - Crawled account: psychia.dpsmrd
2023-07-24 02:33:31,891 - INFO - Crawled account: mental.health.matters_dpsmrd
2023-07-24 02:33:31,925 - INFO - Crawled account: psychologywarriors_ig
2023-07-24 02:33:31,971 - INFO - Crawled account: mentalhealthceo
2023-07-24 02:33:32,005 - INFO - Crawled account: a_fit_mind_
2023-07-24 02:33:32,037 - INFO - Crawled account: pausetobegin
2023-07-24 02:33:32,071 - INFO - Crawled account: mentalhealth.livetheessence
2023-07-24 02:33:32,119 - INFO - Crawled account: thoughtswarriors_us
2023-07-24 02:33:32,153 - INFO - Crawled account: psychologyrepost.ig
2023-07-24 02:33:32,195 - INFO - Crawled account: cherished_insightss
2023-07-24 02:33:32,229 - INFO - Crawled account: mentalmarvels.in
2023-07-24 02:33:32,263 - INFO - Crawled account: mentalhealthinitiativeindia
2023-07-24 02:33:32,297 - INFO - Crawled account: mental.health.collective
2023-07-24 02:33:32,332 - INFO - Crawled account: mindwardcentre
2023-07-24 02:33:32,344 - INFO - saved scraped data in csv
2023-07-24 02:41:34,456 - INFO - logged in using credentials
2023-07-24 02:41:44,727 - INFO - crawled the website for mental health
2023-07-24 02:41:49,787 - INFO - Crawled account: fortismentalhealth
2023-07-24 02:41:49,824 - INFO - Crawled account: therapywithshaurya
2023-07-24 02:41:49,858 - INFO - Crawled account: letstalk.mentalhealth
2023-07-24 02:41:49,904 - INFO - Crawled account: awkwardgoat3
2023-07-24 02:41:49,944 - INFO - Crawled account: cognitive_comfort
2023-07-24 02:41:50,010 - INFO - Crawled account: mental.healthmattters
2023-07-24 02:41:50,093 - INFO - Crawled account: mentalhealth
2023-07-24 02:41:50,137 - INFO - Crawled account: noteforself
2023-07-24 02:41:50,193 - INFO - Crawled account: ashnaaasharmaa
2023-07-24 02:41:50,238 - INFO - Crawled account: sneha.mentalhealthadvocate
2023-07-24 02:41:50,282 - INFO - Crawled account: mentalhealth_mine_and_yours
2023-07-24 02:41:50,328 - INFO - Crawled account: mentalhealthpathways
2023-07-24 02:41:50,404 - INFO - Crawled account: raahee.mentalhealth
2023-07-24 02:41:50,474 - INFO - Crawled account: psych2go_tips
2023-07-24 02:41:50,516 - INFO - Crawled account: project_inclusion
2023-07-24 02:41:50,557 - INFO - Crawled account: _keep.growing_
2023-07-24 02:41:50,602 - INFO - Crawled account: mental.aspect
2023-07-24 02:41:50,636 - INFO - Crawled account: mentalhealth.inn
2023-07-24 02:41:50,671 - INFO - Crawled account: mental___health___
2023-07-24 02:41:50,712 - INFO - Crawled account: mentalhealthwithricha
2023-07-24 02:41:50,760 - INFO - Crawled account: mental.health.community_
2023-07-24 02:41:50,810 - INFO - Crawled account: mhf_india
2023-07-24 02:41:50,856 - INFO - Crawled account: mentalhealthwithsonali
2023-07-24 02:41:50,903 - INFO - Crawled account: mentalhealth.mvmt
2023-07-24 02:41:50,951 - INFO - Crawled account: mhp.mentalhealthpeace
2023-07-24 02:41:50,995 - INFO - Crawled account: mentalhealthcareist
2023-07-24 02:41:51,034 - INFO - Crawled account: psych.circle
2023-07-24 02:41:51,081 - INFO - Crawled account: mentalhealthwsrishti
2023-07-24 02:41:51,115 - INFO - Crawled account: izhaargargi
2023-07-24 02:41:51,149 - INFO - Crawled account: superiorbrainhealth
2023-07-24 02:41:51,184 - INFO - Crawled account: good_mental_health__
2023-07-24 02:41:51,219 - INFO - Crawled account: psychbeings
2023-07-24 02:41:51,255 - INFO - Crawled account: mentalhealthwithsonakshi
2023-07-24 02:41:51,293 - INFO - Crawled account: your.wellness.shield
2023-07-24 02:41:51,328 - INFO - Crawled account: psychia.dpsmrd
2023-07-24 02:41:51,367 - INFO - Crawled account: mental.health.matters_dpsmrd
2023-07-24 02:41:51,407 - INFO - Crawled account: psychologywarriors_ig
2023-07-24 02:41:51,462 - INFO - Crawled account: mentalhealthceo
2023-07-24 02:41:51,504 - INFO - Crawled account: a_fit_mind_
2023-07-24 02:41:51,542 - INFO - Crawled account: pausetobegin
2023-07-24 02:41:51,576 - INFO - Crawled account: mentalhealth.livetheessence
2023-07-24 02:41:51,611 - INFO - Crawled account: thoughtswarriors_us
2023-07-24 02:41:51,645 - INFO - Crawled account: psychologyrepost.ig
2023-07-24 02:41:51,701 - INFO - Crawled account: cherished_insightss
2023-07-24 02:41:51,736 - INFO - Crawled account: mentalmarvels.in
2023-07-24 02:41:51,776 - INFO - Crawled account: mentalhealthinitiativeindia
2023-07-24 02:41:51,809 - INFO - Crawled account: mental.health.collective
2023-07-24 02:41:51,841 - INFO - Crawled account: mindwardcentre
2023-07-24 02:41:51,853 - INFO - saved scraped data in csv
2023-07-24 02:43:49,198 - INFO - logged in using credentials
2023-07-24 02:43:59,424 - INFO - crawled the website for mental health
2023-07-24 02:44:04,477 - INFO - Crawled account: fortismentalhealth
2023-07-24 02:44:04,511 - INFO - Crawled account: therapywithshaurya
2023-07-24 02:44:04,544 - INFO - Crawled account: letstalk.mentalhealth
2023-07-24 02:44:04,578 - INFO - Crawled account: awkwardgoat3
2023-07-24 02:44:04,614 - INFO - Crawled account: cognitive_comfort
2023-07-24 02:44:04,647 - INFO - Crawled account: mental.healthmattters
2023-07-24 02:44:04,705 - INFO - Crawled account: mentalhealth
2023-07-24 02:44:04,738 - INFO - Crawled account: noteforself
2023-07-24 02:44:04,771 - INFO - Crawled account: ashnaaasharmaa
2023-07-24 02:44:04,803 - INFO - Crawled account: sneha.mentalhealthadvocate
2023-07-24 02:44:04,836 - INFO - Crawled account: mentalhealth_mine_and_yours
2023-07-24 02:44:04,868 - INFO - Crawled account: mentalhealthpathways
2023-07-24 02:44:04,913 - INFO - Crawled account: raahee.mentalhealth
2023-07-24 02:44:04,950 - INFO - Crawled account: psych2go_tips
2023-07-24 02:44:04,987 - INFO - Crawled account: project_inclusion
2023-07-24 02:44:05,027 - INFO - Crawled account: _keep.growing_
2023-07-24 02:44:05,077 - INFO - Crawled account: mental.aspect
2023-07-24 02:44:05,110 - INFO - Crawled account: mentalhealth.inn
2023-07-24 02:44:05,140 - INFO - Crawled account: mental___health___
2023-07-24 02:44:05,172 - INFO - Crawled account: mentalhealthwithricha
2023-07-24 02:44:05,209 - INFO - Crawled account: mental.health.community_
2023-07-24 02:44:05,244 - INFO - Crawled account: mhf_india
2023-07-24 02:44:05,277 - INFO - Crawled account: mentalhealthwithsonali
2023-07-24 02:44:05,312 - INFO - Crawled account: mentalhealth.mvmt
2023-07-24 02:44:05,348 - INFO - Crawled account: mhp.mentalhealthpeace
2023-07-24 02:44:05,383 - INFO - Crawled account: mentalhealthcareist
2023-07-24 02:44:05,417 - INFO - Crawled account: psych.circle
2023-07-24 02:44:05,449 - INFO - Crawled account: mentalhealthwsrishti
2023-07-24 02:44:05,482 - INFO - Crawled account: izhaargargi
2023-07-24 02:44:05,515 - INFO - Crawled account: superiorbrainhealth
2023-07-24 02:44:05,550 - INFO - Crawled account: good_mental_health__
2023-07-24 02:44:05,584 - INFO - Crawled account: psychbeings
2023-07-24 02:44:05,632 - INFO - Crawled account: mentalhealthwithsonakshi
2023-07-24 02:44:05,663 - INFO - Crawled account: your.wellness.shield
2023-07-24 02:44:05,695 - INFO - Crawled account: psychia.dpsmrd
2023-07-24 02:44:05,731 - INFO - Crawled account: mental.health.matters_dpsmrd
2023-07-24 02:44:05,765 - INFO - Crawled account: psychologywarriors_ig
2023-07-24 02:44:05,812 - INFO - Crawled account: mentalhealthceo
2023-07-24 02:44:05,845 - INFO - Crawled account: a_fit_mind_
2023-07-24 02:44:05,879 - INFO - Crawled account: pausetobegin
2023-07-24 02:44:05,912 - INFO - Crawled account: mentalhealth.livetheessence
2023-07-24 02:44:05,945 - INFO - Crawled account: thoughtswarriors_us
2023-07-24 02:44:05,984 - INFO - Crawled account: psychologyrepost.ig
2023-07-24 02:44:06,036 - INFO - Crawled account: cherished_insightss
2023-07-24 02:44:06,070 - INFO - Crawled account: mentalmarvels.in
2023-07-24 02:44:06,105 - INFO - Crawled account: mentalhealthinitiativeindia
2023-07-24 02:44:06,141 - INFO - Crawled account: mental.health.collective
2023-07-24 02:44:06,172 - INFO - Crawled account: mindwardcentre
2023-07-24 02:44:06,185 - INFO - saved scraped data in csv
2023-07-24 14:10:19,627 - INFO - logged in using credentials
2023-07-24 14:10:29,852 - INFO - crawled the website for mental health
2023-07-24 14:10:34,906 - INFO - Crawled account: fortismentalhealth
2023-07-24 14:10:34,942 - INFO - Crawled account: therapywithshaurya
2023-07-24 14:10:34,976 - INFO - Crawled account: letstalk.mentalhealth
2023-07-24 14:10:35,010 - INFO - Crawled account: awkwardgoat3
2023-07-24 14:10:35,042 - INFO - Crawled account: cognitive_comfort
2023-07-24 14:10:35,078 - INFO - Crawled account: mental.healthmattters
2023-07-24 14:10:35,139 - INFO - Crawled account: mentalhealth
2023-07-24 14:10:35,175 - INFO - Crawled account: noteforself
2023-07-24 14:10:35,208 - INFO - Crawled account: ashnaaasharmaa
2023-07-24 14:10:35,244 - INFO - Crawled account: sneha.mentalhealthadvocate
2023-07-24 14:10:35,279 - INFO - Crawled account: mentalhealth_mine_and_yours
2023-07-24 14:10:35,314 - INFO - Crawled account: mentalhealthpathways
2023-07-24 14:10:35,371 - INFO - Crawled account: raahee.mentalhealth
2023-07-24 14:10:35,408 - INFO - Crawled account: psych2go_tips
2023-07-24 14:10:35,446 - INFO - Crawled account: project_inclusion
2023-07-24 14:10:35,485 - INFO - Crawled account: _keep.growing_
2023-07-24 14:10:35,534 - INFO - Crawled account: mental.aspect
2023-07-24 14:10:35,572 - INFO - Crawled account: mentalhealth.inn
2023-07-24 14:10:35,607 - INFO - Crawled account: mental___health___
2023-07-24 14:10:35,642 - INFO - Crawled account: mentalhealthwithricha
2023-07-24 14:10:35,677 - INFO - Crawled account: mental.health.community_
2023-07-24 14:10:35,714 - INFO - Crawled account: mhf_india
2023-07-24 14:10:35,747 - INFO - Crawled account: mentalhealthwithsonali
2023-07-24 14:10:35,784 - INFO - Crawled account: mentalhealth.mvmt
2023-07-24 14:10:35,833 - INFO - Crawled account: mhp.mentalhealthpeace
2023-07-24 14:10:35,872 - INFO - Crawled account: mentalhealthcareist
2023-07-24 14:10:35,907 - INFO - Crawled account: psych.circle
2023-07-24 14:10:35,942 - INFO - Crawled account: mentalhealthwsrishti
2023-07-24 14:10:35,979 - INFO - Crawled account: izhaargargi
2023-07-24 14:10:36,017 - INFO - Crawled account: superiorbrainhealth
2023-07-24 14:10:36,054 - INFO - Crawled account: good_mental_health__
2023-07-24 14:10:36,090 - INFO - Crawled account: psychbeings
2023-07-24 14:10:36,127 - INFO - Crawled account: mentalhealthwithsonakshi
2023-07-24 14:10:36,160 - INFO - Crawled account: your.wellness.shield
2023-07-24 14:10:36,196 - INFO - Crawled account: psychia.dpsmrd
2023-07-24 14:10:36,232 - INFO - Crawled account: mental.health.matters_dpsmrd
2023-07-24 14:10:36,266 - INFO - Crawled account: psychologywarriors_ig
2023-07-24 14:10:36,312 - INFO - Crawled account: mentalhealthceo
2023-07-24 14:10:36,347 - INFO - Crawled account: a_fit_mind_
2023-07-24 14:10:36,384 - INFO - Crawled account: pausetobegin
2023-07-24 14:10:36,417 - INFO - Crawled account: mentalhealth.livetheessence
2023-07-24 14:10:36,454 - INFO - Crawled account: thoughtswarriors_us
2023-07-24 14:10:36,491 - INFO - Crawled account: psychologyrepost.ig
2023-07-24 14:10:36,537 - INFO - Crawled account: cherished_insightss
2023-07-24 14:10:36,574 - INFO - Crawled account: mentalmarvels.in
2023-07-24 14:10:36,610 - INFO - Crawled account: mentalhealthinitiativeindia
2023-07-24 14:10:36,643 - INFO - Crawled account: mental.health.collective
2023-07-24 14:10:36,677 - INFO - Crawled account: mindwardcentre
2023-07-24 14:10:36,691 - INFO - saved scraped data in csv
2023-07-24 14:19:18,617 - WARNING - Retrying (Retry(total=2, connect=None, read=None, redirect=None, status=None)) after connection broken by 'NewConnectionError('<urllib3.connection.HTTPConnection object at 0x000002C2BC3917C0>: Failed to establish a new connection: [WinError 10061] No connection could be made because the target machine actively refused it')': /session/ebbf20e329a00619bb1a4b1aab17927e/url
2023-07-24 14:19:22,623 - WARNING - Retrying (Retry(total=1, connect=None, read=None, redirect=None, status=None)) after connection broken by 'NewConnectionError('<urllib3.connection.HTTPConnection object at 0x000002C2BC391880>: Failed to establish a new connection: [WinError 10061] No connection could be made because the target machine actively refused it')': /session/ebbf20e329a00619bb1a4b1aab17927e/url
2023-07-24 14:19:26,627 - WARNING - Retrying (Retry(total=0, connect=None, read=None, redirect=None, status=None)) after connection broken by 'NewConnectionError('<urllib3.connection.HTTPConnection object at 0x000002C2BC3912E0>: Failed to establish a new connection: [WinError 10061] No connection could be made because the target machine actively refused it')': /session/ebbf20e329a00619bb1a4b1aab17927e/url
2023-07-24 14:19:43,284 - INFO - logged in using credentials
2023-07-24 14:19:53,526 - INFO - crawled the website for mental health
2023-07-24 14:19:58,580 - INFO - Crawled account: fortismentalhealth
2023-07-24 14:19:58,616 - INFO - Crawled account: therapywithshaurya
2023-07-24 14:19:58,653 - INFO - Crawled account: letstalk.mentalhealth
2023-07-24 14:19:58,689 - INFO - Crawled account: awkwardgoat3
2023-07-24 14:19:58,728 - INFO - Crawled account: cognitive_comfort
2023-07-24 14:19:58,772 - INFO - Crawled account: mental.healthmattters
2023-07-24 14:19:58,839 - INFO - Crawled account: mentalhealth
2023-07-24 14:19:58,876 - INFO - Crawled account: noteforself
2023-07-24 14:19:58,913 - INFO - Crawled account: ashnaaasharmaa
2023-07-24 14:19:58,949 - INFO - Crawled account: sneha.mentalhealthadvocate
2023-07-24 14:19:58,985 - INFO - Crawled account: mentalhealth_mine_and_yours
2023-07-24 14:19:59,017 - INFO - Crawled account: mentalhealthpathways
2023-07-24 14:19:59,063 - INFO - Crawled account: raahee.mentalhealth
2023-07-24 14:19:59,098 - INFO - Crawled account: psych2go_tips
2023-07-24 14:19:59,133 - INFO - Crawled account: project_inclusion
2023-07-24 14:19:59,166 - INFO - Crawled account: _keep.growing_
2023-07-24 14:19:59,214 - INFO - Crawled account: mental.aspect
2023-07-24 14:19:59,249 - INFO - Crawled account: mentalhealth.inn
2023-07-24 14:19:59,283 - INFO - Crawled account: mental___health___
2023-07-24 14:19:59,319 - INFO - Crawled account: mentalhealthwithricha
2023-07-24 14:19:59,363 - INFO - Crawled account: mental.health.community_
2023-07-24 14:19:59,401 - INFO - Crawled account: mhf_india
2023-07-24 14:19:59,442 - INFO - Crawled account: mentalhealthwithsonali
2023-07-24 14:19:59,486 - INFO - Crawled account: mentalhealth.mvmt
2023-07-24 14:19:59,524 - INFO - Crawled account: mhp.mentalhealthpeace
2023-07-24 14:19:59,559 - INFO - Crawled account: mentalhealthcareist
2023-07-24 14:19:59,593 - INFO - Crawled account: psych.circle
2023-07-24 14:19:59,629 - INFO - Crawled account: mentalhealthwsrishti
2023-07-24 14:19:59,662 - INFO - Crawled account: izhaargargi
2023-07-24 14:19:59,695 - INFO - Crawled account: superiorbrainhealth
2023-07-24 14:19:59,727 - INFO - Crawled account: good_mental_health__
2023-07-24 14:19:59,760 - INFO - Crawled account: psychbeings
2023-07-24 14:19:59,796 - INFO - Crawled account: mentalhealthwithsonakshi
2023-07-24 14:19:59,832 - INFO - Crawled account: your.wellness.shield
2023-07-24 14:19:59,866 - INFO - Crawled account: psychia.dpsmrd
2023-07-24 14:19:59,900 - INFO - Crawled account: mental.health.matters_dpsmrd
2023-07-24 14:19:59,933 - INFO - Crawled account: psychologywarriors_ig
2023-07-24 14:19:59,990 - INFO - Crawled account: mentalhealthceo
2023-07-24 14:20:00,027 - INFO - Crawled account: a_fit_mind_
2023-07-24 14:20:00,062 - INFO - Crawled account: pausetobegin
2023-07-24 14:20:00,098 - INFO - Crawled account: mentalhealth.livetheessence
2023-07-24 14:20:00,132 - INFO - Crawled account: thoughtswarriors_us
2023-07-24 14:20:00,164 - INFO - Crawled account: psychologyrepost.ig
2023-07-24 14:20:00,208 - INFO - Crawled account: cherished_insightss
2023-07-24 14:20:00,241 - INFO - Crawled account: mentalmarvels.in
2023-07-24 14:20:00,274 - INFO - Crawled account: mentalhealthinitiativeindia
2023-07-24 14:20:00,305 - INFO - Crawled account: mental.health.collective
2023-07-24 14:20:00,338 - INFO - Crawled account: mindwardcentre
2023-07-24 14:20:00,350 - INFO - saved scraped data in csv
2023-07-24 14:31:07,503 - INFO - logged in using credentials
2023-07-24 14:31:17,782 - INFO - crawled the website for mental health
2023-07-24 14:31:22,833 - INFO - Crawled account: fortismentalhealth
2023-07-24 14:31:22,866 - INFO - Crawled account: therapywithshaurya
2023-07-24 14:31:22,895 - INFO - Crawled account: letstalk.mentalhealth
2023-07-24 14:31:22,927 - INFO - Crawled account: awkwardgoat3
2023-07-24 14:31:22,958 - INFO - Crawled account: cognitive_comfort
2023-07-24 14:31:22,990 - INFO - Crawled account: mental.healthmattters
2023-07-24 14:31:23,047 - INFO - Crawled account: mentalhealth
2023-07-24 14:31:23,078 - INFO - Crawled account: noteforself
2023-07-24 14:31:23,112 - INFO - Crawled account: ashnaaasharmaa
2023-07-24 14:31:23,143 - INFO - Crawled account: sneha.mentalhealthadvocate
2023-07-24 14:31:23,174 - INFO - Crawled account: mentalhealth_mine_and_yours
2023-07-24 14:31:23,207 - INFO - Crawled account: mentalhealthpathways
2023-07-24 14:31:23,246 - INFO - Crawled account: raahee.mentalhealth
2023-07-24 14:31:23,278 - INFO - Crawled account: psych2go_tips
2023-07-24 14:31:23,329 - INFO - Crawled account: project_inclusion
2023-07-24 14:31:23,363 - INFO - Crawled account: _keep.growing_
2023-07-24 14:31:23,404 - INFO - Crawled account: mental.aspect
2023-07-24 14:31:23,438 - INFO - Crawled account: mentalhealth.inn
2023-07-24 14:31:23,471 - INFO - Crawled account: mental___health___
2023-07-24 14:31:23,531 - INFO - Crawled account: mentalhealthwithricha
2023-07-24 14:31:23,566 - INFO - Crawled account: mental.health.community_
2023-07-24 14:31:23,598 - INFO - Crawled account: mhf_india
2023-07-24 14:31:23,631 - INFO - Crawled account: mentalhealthwithsonali
2023-07-24 14:31:23,667 - INFO - Crawled account: mentalhealth.mvmt
2023-07-24 14:31:23,700 - INFO - Crawled account: mhp.mentalhealthpeace
2023-07-24 14:31:23,736 - INFO - Crawled account: mentalhealthcareist
2023-07-24 14:31:23,772 - INFO - Crawled account: psych.circle
2023-07-24 14:31:23,805 - INFO - Crawled account: mentalhealthwsrishti
2023-07-24 14:31:23,839 - INFO - Crawled account: izhaargargi
2023-07-24 14:31:23,870 - INFO - Crawled account: superiorbrainhealth
2023-07-24 14:31:23,902 - INFO - Crawled account: good_mental_health__
2023-07-24 14:31:23,934 - INFO - Crawled account: psychbeings
2023-07-24 14:31:23,969 - INFO - Crawled account: mentalhealthwithsonakshi
2023-07-24 14:31:24,013 - INFO - Crawled account: your.wellness.shield
2023-07-24 14:31:24,049 - INFO - Crawled account: psychia.dpsmrd
2023-07-24 14:31:24,083 - INFO - Crawled account: mental.health.matters_dpsmrd
2023-07-24 14:31:24,117 - INFO - Crawled account: psychologywarriors_ig
2023-07-24 14:31:24,164 - INFO - Crawled account: mentalhealthceo
2023-07-24 14:31:24,202 - INFO - Crawled account: a_fit_mind_
2023-07-24 14:31:24,238 - INFO - Crawled account: pausetobegin
2023-07-24 14:31:24,280 - INFO - Crawled account: mentalhealth.livetheessence
2023-07-24 14:31:24,322 - INFO - Crawled account: thoughtswarriors_us
2023-07-24 14:31:24,378 - INFO - Crawled account: psychologyrepost.ig
2023-07-24 14:31:24,436 - INFO - Crawled account: cherished_insightss
2023-07-24 14:31:24,484 - INFO - Crawled account: mentalmarvels.in
2023-07-24 14:31:24,524 - INFO - Crawled account: mentalhealthinitiativeindia
2023-07-24 14:31:24,569 - INFO - Crawled account: mental.health.collective
2023-07-24 14:31:24,609 - INFO - Crawled account: mindwardcentre
2023-07-24 14:31:24,624 - INFO - saved scraped data in csv
2023-07-24 17:13:30,835 - INFO - logged in using credentials
2023-07-24 17:13:41,083 - INFO - crawled the website for mental health
2023-07-24 17:13:46,141 - INFO - Crawled account: fortismentalhealth
2023-07-24 17:13:46,176 - INFO - Crawled account: therapywithshaurya
2023-07-24 17:13:46,208 - INFO - Crawled account: letstalk.mentalhealth
2023-07-24 17:13:46,242 - INFO - Crawled account: awkwardgoat3
2023-07-24 17:13:46,275 - INFO - Crawled account: cognitive_comfort
2023-07-24 17:13:46,308 - INFO - Crawled account: mental.healthmattters
2023-07-24 17:13:46,367 - INFO - Crawled account: mentalhealth
2023-07-24 17:13:46,401 - INFO - Crawled account: noteforself
2023-07-24 17:13:46,434 - INFO - Crawled account: ashnaaasharmaa
2023-07-24 17:13:46,467 - INFO - Crawled account: sneha.mentalhealthadvocate
2023-07-24 17:13:46,500 - INFO - Crawled account: mentalhealth_mine_and_yours
2023-07-24 17:13:46,534 - INFO - Crawled account: mentalhealthpathways
2023-07-24 17:13:46,590 - INFO - Crawled account: raahee.mentalhealth
2023-07-24 17:13:46,625 - INFO - Crawled account: psych2go_tips
2023-07-24 17:13:46,660 - INFO - Crawled account: project_inclusion
2023-07-24 17:13:46,695 - INFO - Crawled account: _keep.growing_
2023-07-24 17:13:46,730 - INFO - Crawled account: mental.aspect
2023-07-24 17:13:46,780 - INFO - Crawled account: mentalhealth.inn
2023-07-24 17:13:46,813 - INFO - Crawled account: mental___health___
2023-07-24 17:13:46,862 - INFO - Crawled account: mentalhealthwithricha
2023-07-24 17:13:46,895 - INFO - Crawled account: mental.health.community_
2023-07-24 17:13:46,928 - INFO - Crawled account: mhf_india
2023-07-24 17:13:46,962 - INFO - Crawled account: mentalhealthwithsonali
2023-07-24 17:13:47,022 - INFO - Crawled account: mentalhealth.mvmt
2023-07-24 17:13:47,071 - INFO - Crawled account: mhp.mentalhealthpeace
2023-07-24 17:13:47,110 - INFO - Crawled account: mentalhealthcareist
2023-07-24 17:13:47,148 - INFO - Crawled account: psych.circle
2023-07-24 17:13:47,185 - INFO - Crawled account: mentalhealthwsrishti
2023-07-24 17:13:47,219 - INFO - Crawled account: izhaargargi
2023-07-24 17:13:47,255 - INFO - Crawled account: superiorbrainhealth
2023-07-24 17:13:47,289 - INFO - Crawled account: good_mental_health__
2023-07-24 17:13:47,323 - INFO - Crawled account: psychbeings
2023-07-24 17:13:47,358 - INFO - Crawled account: mentalhealthwithsonakshi
2023-07-24 17:13:47,399 - INFO - Crawled account: your.wellness.shield
2023-07-24 17:13:47,437 - INFO - Crawled account: psychia.dpsmrd
2023-07-24 17:13:47,470 - INFO - Crawled account: mental.health.matters_dpsmrd
2023-07-24 17:13:47,502 - INFO - Crawled account: psychologywarriors_ig
2023-07-24 17:13:47,548 - INFO - Crawled account: mentalhealthceo
2023-07-24 17:13:47,586 - INFO - Crawled account: a_fit_mind_
2023-07-24 17:13:47,623 - INFO - Crawled account: pausetobegin
2023-07-24 17:13:47,662 - INFO - Crawled account: mentalhealth.livetheessence
2023-07-24 17:13:47,702 - INFO - Crawled account: thoughtswarriors_us
2023-07-24 17:13:47,739 - INFO - Crawled account: psychologyrepost.ig
2023-07-24 17:13:47,806 - INFO - Crawled account: cherished_insightss
2023-07-24 17:13:47,841 - INFO - Crawled account: mentalmarvels.in
2023-07-24 17:13:47,883 - INFO - Crawled account: mentalhealthinitiativeindia
2023-07-24 17:13:47,920 - INFO - Crawled account: mental.health.collective
2023-07-24 17:13:47,957 - INFO - Crawled account: mindwardcentre
2023-07-24 17:13:47,968 - INFO - saved scraped data in csv
2023-07-24 17:13:47,973 - INFO - extracted bio for fortismentalhealth
2023-07-24 17:13:52,806 - INFO - extracted bio for therapywithshaurya
2023-07-24 17:13:56,237 - INFO - extracted bio for letstalk.mentalhealth
2023-07-24 17:13:59,690 - INFO - extracted bio for awkwardgoat3
2023-07-24 17:14:03,672 - INFO - extracted bio for cognitive_comfort
2023-07-24 17:14:06,855 - INFO - extracted bio for mental.healthmattters
2023-07-24 17:14:10,301 - INFO - extracted bio for mentalhealth
2023-07-24 17:14:13,961 - INFO - extracted bio for noteforself
2023-07-26 02:46:08,871 - INFO - logged in using credentials
2023-07-26 02:46:19,110 - INFO - crawled the website for mental health
2023-07-26 02:46:24,169 - INFO - Crawled account: fortismentalhealth
2023-07-26 02:46:24,211 - INFO - Crawled account: letstalk.mentalhealth
2023-07-26 02:46:24,252 - INFO - Crawled account: cognitive_comfort
2023-07-26 02:46:24,297 - INFO - Crawled account: awkwardgoat3
2023-07-26 02:46:24,339 - INFO - Crawled account: mental.healthmattters
2023-07-26 02:46:24,397 - INFO - Crawled account: noteforself
2023-07-26 02:46:24,442 - INFO - Crawled account: mentalhealth
2023-07-26 02:46:24,491 - INFO - Crawled account: sneha.mentalhealthadvocate
2023-07-26 02:46:24,529 - INFO - Crawled account: mentalhealth_mine_and_yours
2023-07-26 02:46:24,562 - INFO - Crawled account: mentalhealth_and_you
2023-07-26 02:46:24,597 - INFO - Crawled account: ananyapant_
2023-07-26 02:46:24,631 - INFO - Crawled account: mentalhealthcareist
2023-07-26 02:46:24,667 - INFO - Crawled account: psych2go_tips
2023-07-26 02:46:24,712 - INFO - Crawled account: mentalhealth.inn
2023-07-26 02:46:24,748 - INFO - Crawled account: _keep.growing_
2023-07-26 02:46:24,781 - INFO - Crawled account: mhf_india
2023-07-26 02:46:24,815 - INFO - Crawled account: raahee.mentalhealth
2023-07-26 02:46:24,849 - INFO - Crawled account: mental.aspect
2023-07-26 02:46:24,888 - INFO - Crawled account: mentalhealth.mvmt
2023-07-26 02:46:24,921 - INFO - Crawled account: mentalhealthwithricha
2023-07-26 02:46:24,957 - INFO - Crawled account: mental.health.community_
2023-07-26 02:46:24,996 - INFO - Crawled account: your.wellness.shield
2023-07-26 02:46:25,034 - INFO - Crawled account: mental___health___
2023-07-26 02:46:25,072 - INFO - Crawled account: mentalhealthceo
2023-07-26 02:46:25,113 - INFO - Crawled account: psychbeings
2023-07-26 02:46:25,152 - INFO - Crawled account: superiorbrainhealth
2023-07-26 02:46:25,191 - INFO - Crawled account: mentalhealthwsrishti
2023-07-26 02:46:25,228 - INFO - Crawled account: good_mental_health__
2023-07-26 02:46:25,274 - INFO - Crawled account: mentalhealthpathways
2023-07-26 02:46:25,320 - INFO - Crawled account: izhaargargi
2023-07-26 02:46:25,354 - INFO - Crawled account: psychia.dpsmrd
2023-07-26 02:46:25,391 - INFO - Crawled account: mhp.mentalhealthpeace
2023-07-26 02:46:25,445 - INFO - Crawled account: mentalhealthtalksindia
2023-07-26 02:46:25,483 - INFO - Crawled account: mentalhealthfoundation
2023-07-26 02:46:25,518 - INFO - Crawled account: psych.circle
2023-07-26 02:46:25,556 - INFO - Crawled account: mentalhealthmattersph
2023-07-26 02:46:25,590 - INFO - Crawled account: psychologywarriors_ig
2023-07-26 02:46:25,623 - INFO - Crawled account: a_fit_mind_
2023-07-26 02:46:25,658 - INFO - Crawled account: mindwardcentre
2023-07-26 02:46:25,695 - INFO - Crawled account: thoughtswarriors_us
2023-07-26 02:46:25,728 - INFO - Crawled account: psychologyrepost.ig
2023-07-26 02:46:25,762 - INFO - Crawled account: mental.health.matters_dpsmrd
2023-07-26 02:46:25,798 - INFO - Crawled account: mental_.health_.awareness_
2023-07-26 02:46:25,833 - INFO - Crawled account: mentalhealthwithsonakshi
2023-07-26 02:46:25,866 - INFO - Crawled account: pausetobegin
2023-07-26 02:46:25,901 - INFO - Crawled account: mental_health_is_a_priority
2023-07-26 02:46:25,935 - INFO - Crawled account: mentalhealth.livetheessence
2023-07-26 02:46:25,967 - INFO - Crawled account: mental.health.collective
2023-07-26 02:46:26,000 - INFO - Crawled account: mental_health_matters_18
2023-07-26 02:46:26,033 - INFO - Crawled account: mhm.mentalhealthmatters
2023-07-26 02:46:26,065 - INFO - Crawled account: mentalhealth.q
2023-07-26 02:46:26,066 - INFO - saved scraped data in csv
2023-07-26 02:47:28,549 - INFO - logged in using credentials
2023-07-26 02:47:38,802 - INFO - crawled the website for mental health
2023-07-26 02:47:43,860 - INFO - Crawled account: fortismentalhealth
2023-07-26 02:47:43,897 - INFO - Crawled account: letstalk.mentalhealth
2023-07-26 02:47:43,933 - INFO - Crawled account: cognitive_comfort
2023-07-26 02:47:43,969 - INFO - Crawled account: awkwardgoat3
2023-07-26 02:47:44,006 - INFO - Crawled account: mental.healthmattters
2023-07-26 02:47:44,052 - INFO - Crawled account: noteforself
2023-07-26 02:47:44,086 - INFO - Crawled account: mentalhealth
2023-07-26 02:47:44,131 - INFO - Crawled account: sneha.mentalhealthadvocate
2023-07-26 02:47:44,164 - INFO - Crawled account: mentalhealth_mine_and_yours
2023-07-26 02:47:44,201 - INFO - Crawled account: mentalhealth_and_you
2023-07-26 02:47:44,238 - INFO - Crawled account: ananyapant_
2023-07-26 02:47:44,275 - INFO - Crawled account: mentalhealthcareist
2023-07-26 02:47:44,310 - INFO - Crawled account: psych2go_tips
2023-07-26 02:47:44,357 - INFO - Crawled account: mentalhealth.inn
2023-07-26 02:47:44,391 - INFO - Crawled account: _keep.growing_
2023-07-26 02:47:44,426 - INFO - Crawled account: mhf_india
2023-07-26 02:47:44,462 - INFO - Crawled account: raahee.mentalhealth
2023-07-26 02:47:44,498 - INFO - Crawled account: mental.aspect
2023-07-26 02:47:44,534 - INFO - Crawled account: mentalhealth.mvmt
2023-07-26 02:47:44,569 - INFO - Crawled account: mentalhealthwithricha
2023-07-26 02:47:44,602 - INFO - Crawled account: mental.health.community_
2023-07-26 02:47:44,637 - INFO - Crawled account: your.wellness.shield
2023-07-26 02:47:44,671 - INFO - Crawled account: mental___health___
2023-07-26 02:47:44,709 - INFO - Crawled account: mentalhealthceo
2023-07-26 02:47:44,743 - INFO - Crawled account: psychbeings
2023-07-26 02:47:44,785 - INFO - Crawled account: superiorbrainhealth
2023-07-26 02:47:44,825 - INFO - Crawled account: mentalhealthwsrishti
2023-07-26 02:47:44,870 - INFO - Crawled account: good_mental_health__
2023-07-26 02:47:44,910 - INFO - Crawled account: mentalhealthpathways
2023-07-26 02:47:44,955 - INFO - Crawled account: izhaargargi
2023-07-26 02:47:45,002 - INFO - Crawled account: psychia.dpsmrd
2023-07-26 02:47:45,041 - INFO - Crawled account: mhp.mentalhealthpeace
2023-07-26 02:47:45,087 - INFO - Crawled account: mentalhealthtalksindia
2023-07-26 02:47:45,120 - INFO - Crawled account: mentalhealthfoundation
2023-07-26 02:47:45,152 - INFO - Crawled account: psych.circle
2023-07-26 02:47:45,186 - INFO - Crawled account: mentalhealthmattersph
2023-07-26 02:47:45,220 - INFO - Crawled account: psychologywarriors_ig
2023-07-26 02:47:45,253 - INFO - Crawled account: a_fit_mind_
2023-07-26 02:47:45,288 - INFO - Crawled account: mindwardcentre
2023-07-26 02:47:45,323 - INFO - Crawled account: thoughtswarriors_us
2023-07-26 02:47:45,361 - INFO - Crawled account: psychologyrepost.ig
2023-07-26 02:47:45,394 - INFO - Crawled account: mental.health.matters_dpsmrd
2023-07-26 02:47:45,430 - INFO - Crawled account: mental_.health_.awareness_
2023-07-26 02:47:45,465 - INFO - Crawled account: mentalhealthwithsonakshi
2023-07-26 02:47:45,501 - INFO - Crawled account: pausetobegin
2023-07-26 02:47:45,537 - INFO - Crawled account: mental_health_is_a_priority
2023-07-26 02:47:45,575 - INFO - Crawled account: mentalhealth.livetheessence
2023-07-26 02:47:45,610 - INFO - Crawled account: mental.health.collective
2023-07-26 02:47:45,646 - INFO - Crawled account: mental_health_matters_18
2023-07-26 02:47:45,683 - INFO - Crawled account: mhm.mentalhealthmatters
2023-07-26 02:47:45,720 - INFO - Crawled account: mentalhealth.q
2023-07-26 02:47:45,721 - INFO - saved scraped data in csv
2023-07-26 02:51:07,818 - INFO - logged in using credentials
2023-07-26 02:51:18,069 - INFO - crawled the website for mental health
2023-07-26 02:51:23,125 - INFO - Crawled account: fortismentalhealth
2023-07-26 02:51:23,162 - INFO - Crawled account: letstalk.mentalhealth
2023-07-26 02:51:23,198 - INFO - Crawled account: cognitive_comfort
2023-07-26 02:51:23,232 - INFO - Crawled account: awkwardgoat3
2023-07-26 02:51:23,267 - INFO - Crawled account: mental.healthmattters
2023-07-26 02:51:23,308 - INFO - Crawled account: noteforself
2023-07-26 02:51:23,341 - INFO - Crawled account: mentalhealth
2023-07-26 02:51:23,384 - INFO - Crawled account: sneha.mentalhealthadvocate
2023-07-26 02:51:23,419 - INFO - Crawled account: mentalhealth_mine_and_yours
2023-07-26 02:51:23,454 - INFO - Crawled account: mentalhealth_and_you
2023-07-26 02:51:23,493 - INFO - Crawled account: ananyapant_
2023-07-26 02:51:23,527 - INFO - Crawled account: mentalhealthcareist
2023-07-26 02:51:23,561 - INFO - Crawled account: psych2go_tips
2023-07-26 02:51:23,606 - INFO - Crawled account: mentalhealth.inn
2023-07-26 02:51:23,641 - INFO - Crawled account: _keep.growing_
2023-07-26 02:51:23,678 - INFO - Crawled account: mhf_india
2023-07-26 02:51:23,713 - INFO - Crawled account: raahee.mentalhealth
2023-07-26 02:51:23,748 - INFO - Crawled account: mental.aspect
2023-07-26 02:51:23,800 - INFO - Crawled account: mentalhealth.mvmt
2023-07-26 02:51:23,833 - INFO - Crawled account: mentalhealthwithricha
2023-07-26 02:51:23,866 - INFO - Crawled account: mental.health.community_
2023-07-26 02:51:23,897 - INFO - Crawled account: your.wellness.shield
2023-07-26 02:51:23,931 - INFO - Crawled account: mental___health___
2023-07-26 02:51:23,965 - INFO - Crawled account: mentalhealthceo
2023-07-26 02:51:23,997 - INFO - Crawled account: psychbeings
2023-07-26 02:51:24,031 - INFO - Crawled account: superiorbrainhealth
2023-07-26 02:51:24,066 - INFO - Crawled account: mentalhealthwsrishti
2023-07-26 02:51:24,099 - INFO - Crawled account: good_mental_health__
2023-07-26 02:51:24,132 - INFO - Crawled account: mentalhealthpathways
2023-07-26 02:51:24,169 - INFO - Crawled account: izhaargargi
2023-07-26 02:51:24,206 - INFO - Crawled account: psychia.dpsmrd
2023-07-26 02:51:24,240 - INFO - Crawled account: mhp.mentalhealthpeace
2023-07-26 02:51:24,288 - INFO - Crawled account: mentalhealthtalksindia
2023-07-26 02:51:24,324 - INFO - Crawled account: mentalhealthfoundation
2023-07-26 02:51:24,359 - INFO - Crawled account: psych.circle
2023-07-26 02:51:24,398 - INFO - Crawled account: mentalhealthmattersph
2023-07-26 02:51:24,434 - INFO - Crawled account: psychologywarriors_ig
2023-07-26 02:51:24,467 - INFO - Crawled account: a_fit_mind_
2023-07-26 02:51:24,498 - INFO - Crawled account: mindwardcentre
2023-07-26 02:51:24,530 - INFO - Crawled account: thoughtswarriors_us
2023-07-26 02:51:24,565 - INFO - Crawled account: psychologyrepost.ig
2023-07-26 02:51:24,602 - INFO - Crawled account: mental.health.matters_dpsmrd
2023-07-26 02:51:24,640 - INFO - Crawled account: mental_.health_.awareness_
2023-07-26 02:51:24,677 - INFO - Crawled account: mentalhealthwithsonakshi
2023-07-26 02:51:24,713 - INFO - Crawled account: pausetobegin
2023-07-26 02:51:24,746 - INFO - Crawled account: mental_health_is_a_priority
2023-07-26 02:51:24,781 - INFO - Crawled account: mentalhealth.livetheessence
2023-07-26 02:51:24,813 - INFO - Crawled account: mental.health.collective
2023-07-26 02:51:24,844 - INFO - Crawled account: mental_health_matters_18
2023-07-26 02:51:24,878 - INFO - Crawled account: mhm.mentalhealthmatters
2023-07-26 02:51:24,913 - INFO - Crawled account: mentalhealth.q
2023-07-26 02:51:24,914 - INFO - saved scraped data in csv
2023-07-26 02:51:24,919 - INFO - extracted bio for fortismentalhealth
2023-07-26 02:51:29,280 - INFO - extracted bio for letstalk.mentalhealth
2023-07-26 02:51:32,632 - INFO - extracted bio for cognitive_comfort
2023-07-26 02:51:35,585 - INFO - extracted bio for awkwardgoat3
2023-07-26 02:51:38,915 - INFO - extracted bio for mental.healthmattters
2023-07-26 02:51:42,044 - INFO - extracted bio for noteforself
2023-07-26 02:51:45,709 - INFO - extracted bio for mentalhealth
2023-07-26 02:51:48,689 - INFO - extracted bio for sneha.mentalhealthadvocate
2023-07-26 02:51:51,896 - INFO - extracted bio for mentalhealth_mine_and_yours
2023-07-26 02:51:54,921 - INFO - extracted bio for mentalhealth_and_you
2023-07-26 02:51:58,048 - INFO - extracted bio for ananyapant_
2023-07-26 02:52:01,168 - INFO - extracted bio for mentalhealthcareist
2023-07-26 02:52:04,465 - INFO - extracted bio for psych2go_tips
2023-07-26 02:52:07,580 - INFO - extracted bio for mentalhealth.inn
2023-07-26 02:52:10,805 - INFO - extracted bio for _keep.growing_
2023-07-26 02:52:13,747 - INFO - extracted bio for mhf_india
2023-07-26 02:52:18,003 - INFO - extracted bio for raahee.mentalhealth
2023-07-26 02:52:21,131 - INFO - extracted bio for mental.aspect
2023-07-26 02:52:24,956 - INFO - extracted bio for mentalhealth.mvmt
2023-07-26 02:52:28,846 - INFO - extracted bio for mentalhealthwithricha
2023-07-26 02:52:32,385 - INFO - extracted bio for mental.health.community_
2023-07-26 02:52:35,414 - INFO - extracted bio for your.wellness.shield
2023-07-26 02:52:38,822 - INFO - extracted bio for mental___health___
2023-07-26 02:52:42,060 - INFO - extracted bio for mentalhealthceo
2023-07-26 02:52:44,992 - INFO - extracted bio for psychbeings
2023-07-26 02:52:48,341 - INFO - extracted bio for superiorbrainhealth
2023-07-26 02:52:52,561 - INFO - extracted bio for mentalhealthwsrishti
2023-07-26 02:52:55,835 - INFO - extracted bio for good_mental_health__
2023-07-26 02:52:58,644 - INFO - extracted bio for mentalhealthpathways
2023-07-26 02:53:02,428 - INFO - extracted bio for izhaargargi
2023-07-26 02:53:05,303 - INFO - extracted bio for psychia.dpsmrd
2023-07-26 02:53:08,311 - INFO - extracted bio for mhp.mentalhealthpeace
2023-07-26 02:53:11,732 - INFO - extracted bio for mentalhealthtalksindia
2023-07-26 02:53:15,070 - INFO - extracted bio for mentalhealthfoundation
2023-07-26 02:53:18,259 - INFO - extracted bio for psych.circle
2023-07-26 02:53:21,400 - INFO - extracted bio for mentalhealthmattersph
2023-07-26 02:53:25,712 - INFO - extracted bio for psychologywarriors_ig
2023-07-26 02:53:28,826 - INFO - extracted bio for a_fit_mind_
2023-07-26 02:53:32,014 - INFO - extracted bio for mindwardcentre
2023-07-26 02:53:34,947 - INFO - extracted bio for thoughtswarriors_us
2023-07-26 02:53:38,118 - INFO - extracted bio for psychologyrepost.ig
2023-07-26 02:53:41,367 - INFO - extracted bio for mental.health.matters_dpsmrd
2023-07-26 02:53:45,188 - INFO - extracted bio for mental_.health_.awareness_
2023-07-26 02:53:48,116 - INFO - extracted bio for mentalhealthwithsonakshi
2023-07-26 02:53:51,264 - INFO - extracted bio for pausetobegin
2023-07-26 02:53:54,458 - INFO - extracted bio for mental_health_is_a_priority
2023-07-26 02:53:57,352 - INFO - extracted bio for mentalhealth.livetheessence
2023-07-26 02:54:00,496 - INFO - extracted bio for mental.health.collective
2023-07-26 02:54:04,459 - INFO - extracted bio for mental_health_matters_18
2023-07-26 02:54:07,627 - INFO - extracted bio for mhm.mentalhealthmatters
2023-07-26 02:54:11,240 - INFO - extracted bio for mentalhealth.q
2023-07-26 02:54:14,133 - INFO - username and bio csv saved
